CRITICAL - 2021-05-07 11:17:50 --> Invalid file: Admin/index.php
#0 C:\wamp64\www\ScionsGit\system\View\View.php(203): CodeIgniter\Exceptions\FrameworkException::forInvalidFile('Admin/index.php')
#1 C:\wamp64\www\ScionsGit\system\Common.php(1217): CodeIgniter\View\View->render('Admin/index', Array, true)
#2 C:\wamp64\www\ScionsGit\app\Controllers\Dashboard.php(17): view('Admin/index')
#3 C:\wamp64\www\ScionsGit\system\CodeIgniter.php(936): App\Controllers\Dashboard->index()
#4 C:\wamp64\www\ScionsGit\system\CodeIgniter.php(432): CodeIgniter\CodeIgniter->runController(Object(App\Controllers\Dashboard))
#5 C:\wamp64\www\ScionsGit\system\CodeIgniter.php(333): CodeIgniter\CodeIgniter->handleRequest(NULL, Object(Config\Cache), false)
#6 C:\wamp64\www\ScionsGit\index.php(44): CodeIgniter\CodeIgniter->run()
#7 {main}
CRITICAL - 2021-05-07 11:28:03 --> Invalid file: Admin/index.php
#0 C:\wamp64\www\ScionsGit\system\View\View.php(203): CodeIgniter\Exceptions\FrameworkException::forInvalidFile('Admin/index.php')
#1 C:\wamp64\www\ScionsGit\system\Common.php(1217): CodeIgniter\View\View->render('Admin/index', Array, true)
#2 C:\wamp64\www\ScionsGit\app\Controllers\Dashboard.php(16): view('Admin/index')
#3 C:\wamp64\www\ScionsGit\system\CodeIgniter.php(936): App\Controllers\Dashboard->index()
#4 C:\wamp64\www\ScionsGit\system\CodeIgniter.php(432): CodeIgniter\CodeIgniter->runController(Object(App\Controllers\Dashboard))
#5 C:\wamp64\www\ScionsGit\system\CodeIgniter.php(333): CodeIgniter\CodeIgniter->handleRequest(NULL, Object(Config\Cache), false)
#6 C:\wamp64\www\ScionsGit\index.php(44): CodeIgniter\CodeIgniter->run()
#7 {main}
CRITICAL - 2021-05-07 11:28:47 --> Invalid file: Admin/header.php
#0 C:\wamp64\www\ScionsGit\system\View\View.php(203): CodeIgniter\Exceptions\FrameworkException::forInvalidFile('Admin/header.ph...')
#1 C:\wamp64\www\ScionsGit\system\View\View.php(468): CodeIgniter\View\View->render('Admin/header', NULL, true)
#2 C:\wamp64\www\ScionsGit\app\Views\Admin\index.php(1): CodeIgniter\View\View->include('Admin/header')
#3 C:\wamp64\www\ScionsGit\system\View\View.php(220): include('C:\\wamp64\\www\\S...')
#4 C:\wamp64\www\ScionsGit\system\View\View.php(222): CodeIgniter\View\View->CodeIgniter\View\{closure}()
#5 C:\wamp64\www\ScionsGit\system\Common.php(1217): CodeIgniter\View\View->render('Admin/index', Array, true)
#6 C:\wamp64\www\ScionsGit\app\Controllers\Dashboard.php(16): view('Admin/index')
#7 C:\wamp64\www\ScionsGit\system\CodeIgniter.php(936): App\Controllers\Dashboard->index()
#8 C:\wamp64\www\ScionsGit\system\CodeIgniter.php(432): CodeIgniter\CodeIgniter->runController(Object(App\Controllers\Dashboard))
#9 C:\wamp64\www\ScionsGit\system\CodeIgniter.php(333): CodeIgniter\CodeIgniter->handleRequest(NULL, Object(Config\Cache), false)
#10 C:\wamp64\www\ScionsGit\index.php(44): CodeIgniter\CodeIgniter->run()
#11 {main}
CRITICAL - 2021-05-07 11:28:51 --> Invalid file: Admin/header.php
#0 C:\wamp64\www\ScionsGit\system\View\View.php(203): CodeIgniter\Exceptions\FrameworkException::forInvalidFile('Admin/header.ph...')
#1 C:\wamp64\www\ScionsGit\system\View\View.php(468): CodeIgniter\View\View->render('Admin/header', NULL, true)
#2 C:\wamp64\www\ScionsGit\app\Views\Admin\index.php(1): CodeIgniter\View\View->include('Admin/header')
#3 C:\wamp64\www\ScionsGit\system\View\View.php(220): include('C:\\wamp64\\www\\S...')
#4 C:\wamp64\www\ScionsGit\system\View\View.php(222): CodeIgniter\View\View->CodeIgniter\View\{closure}()
#5 C:\wamp64\www\ScionsGit\system\Common.php(1217): CodeIgniter\View\View->render('Admin/index', Array, true)
#6 C:\wamp64\www\ScionsGit\app\Controllers\Dashboard.php(16): view('Admin/index')
#7 C:\wamp64\www\ScionsGit\system\CodeIgniter.php(936): App\Controllers\Dashboard->index()
#8 C:\wamp64\www\ScionsGit\system\CodeIgniter.php(432): CodeIgniter\CodeIgniter->runController(Object(App\Controllers\Dashboard))
#9 C:\wamp64\www\ScionsGit\system\CodeIgniter.php(333): CodeIgniter\CodeIgniter->handleRequest(NULL, Object(Config\Cache), false)
#10 C:\wamp64\www\ScionsGit\index.php(44): CodeIgniter\CodeIgniter->run()
#11 {main}
CRITICAL - 2021-05-07 11:28:56 --> Invalid file: Admin/header.php
#0 C:\wamp64\www\ScionsGit\system\View\View.php(203): CodeIgniter\Exceptions\FrameworkException::forInvalidFile('Admin/header.ph...')
#1 C:\wamp64\www\ScionsGit\system\View\View.php(468): CodeIgniter\View\View->render('Admin/header', NULL, true)
#2 C:\wamp64\www\ScionsGit\app\Views\Admin\index.php(1): CodeIgniter\View\View->include('Admin/header')
#3 C:\wamp64\www\ScionsGit\system\View\View.php(220): include('C:\\wamp64\\www\\S...')
#4 C:\wamp64\www\ScionsGit\system\View\View.php(222): CodeIgniter\View\View->CodeIgniter\View\{closure}()
#5 C:\wamp64\www\ScionsGit\system\Common.php(1217): CodeIgniter\View\View->render('Admin/index', Array, true)
#6 C:\wamp64\www\ScionsGit\app\Controllers\Dashboard.php(16): view('Admin/index')
#7 C:\wamp64\www\ScionsGit\system\CodeIgniter.php(936): App\Controllers\Dashboard->index()
#8 C:\wamp64\www\ScionsGit\system\CodeIgniter.php(432): CodeIgniter\CodeIgniter->runController(Object(App\Controllers\Dashboard))
#9 C:\wamp64\www\ScionsGit\system\CodeIgniter.php(333): CodeIgniter\CodeIgniter->handleRequest(NULL, Object(Config\Cache), false)
#10 C:\wamp64\www\ScionsGit\index.php(44): CodeIgniter\CodeIgniter->run()
#11 {main}
CRITICAL - 2021-05-07 11:29:29 --> Invalid file: Admin/header.php
#0 C:\wamp64\www\ScionsGit\system\View\View.php(203): CodeIgniter\Exceptions\FrameworkException::forInvalidFile('Admin/header.ph...')
#1 C:\wamp64\www\ScionsGit\system\View\View.php(468): CodeIgniter\View\View->render('Admin/header', NULL, true)
#2 C:\wamp64\www\ScionsGit\app\Views\Admin\index.php(1): CodeIgniter\View\View->include('Admin/header')
#3 C:\wamp64\www\ScionsGit\system\View\View.php(220): include('C:\\wamp64\\www\\S...')
#4 C:\wamp64\www\ScionsGit\system\View\View.php(222): CodeIgniter\View\View->CodeIgniter\View\{closure}()
#5 C:\wamp64\www\ScionsGit\system\Common.php(1217): CodeIgniter\View\View->render('Admin/index', Array, true)
#6 C:\wamp64\www\ScionsGit\app\Controllers\Dashboard.php(16): view('Admin/index')
#7 C:\wamp64\www\ScionsGit\system\CodeIgniter.php(936): App\Controllers\Dashboard->index()
#8 C:\wamp64\www\ScionsGit\system\CodeIgniter.php(432): CodeIgniter\CodeIgniter->runController(Object(App\Controllers\Dashboard))
#9 C:\wamp64\www\ScionsGit\system\CodeIgniter.php(333): CodeIgniter\CodeIgniter->handleRequest(NULL, Object(Config\Cache), false)
#10 C:\wamp64\www\ScionsGit\index.php(44): CodeIgniter\CodeIgniter->run()
#11 {main}
CRITICAL - 2021-05-07 11:29:45 --> Invalid file: Admin/header.php
#0 C:\wamp64\www\ScionsGit\system\View\View.php(203): CodeIgniter\Exceptions\FrameworkException::forInvalidFile('Admin/header.ph...')
#1 C:\wamp64\www\ScionsGit\system\View\View.php(468): CodeIgniter\View\View->render('Admin/header', NULL, true)
#2 C:\wamp64\www\ScionsGit\app\Views\Admin\index.php(1): CodeIgniter\View\View->include('Admin/header')
#3 C:\wamp64\www\ScionsGit\system\View\View.php(220): include('C:\\wamp64\\www\\S...')
#4 C:\wamp64\www\ScionsGit\system\View\View.php(222): CodeIgniter\View\View->CodeIgniter\View\{closure}()
#5 C:\wamp64\www\ScionsGit\system\Common.php(1217): CodeIgniter\View\View->render('Admin/index', Array, true)
#6 C:\wamp64\www\ScionsGit\app\Controllers\Dashboard.php(16): view('Admin/index')
#7 C:\wamp64\www\ScionsGit\system\CodeIgniter.php(936): App\Controllers\Dashboard->index()
#8 C:\wamp64\www\ScionsGit\system\CodeIgniter.php(432): CodeIgniter\CodeIgniter->runController(Object(App\Controllers\Dashboard))
#9 C:\wamp64\www\ScionsGit\system\CodeIgniter.php(333): CodeIgniter\CodeIgniter->handleRequest(NULL, Object(Config\Cache), false)
#10 C:\wamp64\www\ScionsGit\index.php(44): CodeIgniter\CodeIgniter->run()
#11 {main}
