CRITICAL - 2021-04-30 12:30:43 --> Undefined variable: events
#0 C:\wamp64\www\ScionsGit\app\Views\eventos.php(196): CodeIgniter\Debug\Exceptions->errorHandler(8, 'Undefined varia...', 'C:\\wamp64\\www\\S...', 196, Array)
#1 C:\wamp64\www\ScionsGit\system\View\View.php(220): include('C:\\wamp64\\www\\S...')
#2 C:\wamp64\www\ScionsGit\system\View\View.php(222): CodeIgniter\View\View->CodeIgniter\View\{closure}()
#3 C:\wamp64\www\ScionsGit\system\Common.php(1217): CodeIgniter\View\View->render('eventos', Array, true)
#4 C:\wamp64\www\ScionsGit\app\Controllers\Events.php(26): view('eventos', Array)
#5 C:\wamp64\www\ScionsGit\system\CodeIgniter.php(936): App\Controllers\Events->show('7')
#6 C:\wamp64\www\ScionsGit\system\CodeIgniter.php(432): CodeIgniter\CodeIgniter->runController(Object(App\Controllers\Events))
#7 C:\wamp64\www\ScionsGit\system\CodeIgniter.php(333): CodeIgniter\CodeIgniter->handleRequest(NULL, Object(Config\Cache), false)
#8 C:\wamp64\www\ScionsGit\index.php(44): CodeIgniter\CodeIgniter->run()
#9 {main}
CRITICAL - 2021-04-30 12:33:45 --> Undefined variable: event
#0 C:\wamp64\www\ScionsGit\app\Views\eventos.php(26): CodeIgniter\Debug\Exceptions->errorHandler(8, 'Undefined varia...', 'C:\\wamp64\\www\\S...', 26, Array)
#1 C:\wamp64\www\ScionsGit\system\View\View.php(220): include('C:\\wamp64\\www\\S...')
#2 C:\wamp64\www\ScionsGit\system\View\View.php(222): CodeIgniter\View\View->CodeIgniter\View\{closure}()
#3 C:\wamp64\www\ScionsGit\system\Common.php(1217): CodeIgniter\View\View->render('eventos', Array, true)
#4 C:\wamp64\www\ScionsGit\app\Controllers\Events.php(30): view('eventos', Array)
#5 C:\wamp64\www\ScionsGit\system\CodeIgniter.php(936): App\Controllers\Events->show('7')
#6 C:\wamp64\www\ScionsGit\system\CodeIgniter.php(432): CodeIgniter\CodeIgniter->runController(Object(App\Controllers\Events))
#7 C:\wamp64\www\ScionsGit\system\CodeIgniter.php(333): CodeIgniter\CodeIgniter->handleRequest(NULL, Object(Config\Cache), false)
#8 C:\wamp64\www\ScionsGit\index.php(44): CodeIgniter\CodeIgniter->run()
#9 {main}
CRITICAL - 2021-04-30 12:34:16 --> Undefined variable: event
#0 C:\wamp64\www\ScionsGit\app\Views\eventos.php(26): CodeIgniter\Debug\Exceptions->errorHandler(8, 'Undefined varia...', 'C:\\wamp64\\www\\S...', 26, Array)
#1 C:\wamp64\www\ScionsGit\system\View\View.php(220): include('C:\\wamp64\\www\\S...')
#2 C:\wamp64\www\ScionsGit\system\View\View.php(222): CodeIgniter\View\View->CodeIgniter\View\{closure}()
#3 C:\wamp64\www\ScionsGit\system\Common.php(1217): CodeIgniter\View\View->render('eventos', Array, true)
#4 C:\wamp64\www\ScionsGit\app\Controllers\Events.php(31): view('eventos', Array, Array)
#5 C:\wamp64\www\ScionsGit\system\CodeIgniter.php(936): App\Controllers\Events->show('7')
#6 C:\wamp64\www\ScionsGit\system\CodeIgniter.php(432): CodeIgniter\CodeIgniter->runController(Object(App\Controllers\Events))
#7 C:\wamp64\www\ScionsGit\system\CodeIgniter.php(333): CodeIgniter\CodeIgniter->handleRequest(NULL, Object(Config\Cache), false)
#8 C:\wamp64\www\ScionsGit\index.php(44): CodeIgniter\CodeIgniter->run()
#9 {main}
CRITICAL - 2021-04-30 12:37:25 --> Undefined variable: events
#0 C:\wamp64\www\ScionsGit\app\Views\eventos.php(196): CodeIgniter\Debug\Exceptions->errorHandler(8, 'Undefined varia...', 'C:\\wamp64\\www\\S...', 196, Array)
#1 C:\wamp64\www\ScionsGit\system\View\View.php(220): include('C:\\wamp64\\www\\S...')
#2 C:\wamp64\www\ScionsGit\system\View\View.php(222): CodeIgniter\View\View->CodeIgniter\View\{closure}()
#3 C:\wamp64\www\ScionsGit\system\Common.php(1217): CodeIgniter\View\View->render('eventos', Array, true)
#4 C:\wamp64\www\ScionsGit\app\Controllers\Events.php(31): view('eventos', Array, Array)
#5 C:\wamp64\www\ScionsGit\system\CodeIgniter.php(936): App\Controllers\Events->show('7')
#6 C:\wamp64\www\ScionsGit\system\CodeIgniter.php(432): CodeIgniter\CodeIgniter->runController(Object(App\Controllers\Events))
#7 C:\wamp64\www\ScionsGit\system\CodeIgniter.php(333): CodeIgniter\CodeIgniter->handleRequest(NULL, Object(Config\Cache), false)
#8 C:\wamp64\www\ScionsGit\index.php(44): CodeIgniter\CodeIgniter->run()
#9 {main}
CRITICAL - 2021-04-30 12:39:19 --> Undefined variable: events
#0 C:\wamp64\www\ScionsGit\app\Views\eventos.php(196): CodeIgniter\Debug\Exceptions->errorHandler(8, 'Undefined varia...', 'C:\\wamp64\\www\\S...', 196, Array)
#1 C:\wamp64\www\ScionsGit\system\View\View.php(220): include('C:\\wamp64\\www\\S...')
#2 C:\wamp64\www\ScionsGit\system\View\View.php(222): CodeIgniter\View\View->CodeIgniter\View\{closure}()
#3 C:\wamp64\www\ScionsGit\system\Common.php(1217): CodeIgniter\View\View->render('eventos', Array, true)
#4 C:\wamp64\www\ScionsGit\app\Controllers\Events.php(31): view('eventos', Array, Array)
#5 C:\wamp64\www\ScionsGit\system\CodeIgniter.php(936): App\Controllers\Events->show('7')
#6 C:\wamp64\www\ScionsGit\system\CodeIgniter.php(432): CodeIgniter\CodeIgniter->runController(Object(App\Controllers\Events))
#7 C:\wamp64\www\ScionsGit\system\CodeIgniter.php(333): CodeIgniter\CodeIgniter->handleRequest(NULL, Object(Config\Cache), false)
#8 C:\wamp64\www\ScionsGit\index.php(44): CodeIgniter\CodeIgniter->run()
#9 {main}
CRITICAL - 2021-04-30 12:40:55 --> Undefined variable: event
#0 C:\wamp64\www\ScionsGit\app\Views\eventos.php(26): CodeIgniter\Debug\Exceptions->errorHandler(8, 'Undefined varia...', 'C:\\wamp64\\www\\S...', 26, Array)
#1 C:\wamp64\www\ScionsGit\system\View\View.php(220): include('C:\\wamp64\\www\\S...')
#2 C:\wamp64\www\ScionsGit\system\View\View.php(222): CodeIgniter\View\View->CodeIgniter\View\{closure}()
#3 C:\wamp64\www\ScionsGit\system\Common.php(1217): CodeIgniter\View\View->render('eventos', Array, true)
#4 C:\wamp64\www\ScionsGit\app\Controllers\Events.php(31): view('eventos', Array)
#5 C:\wamp64\www\ScionsGit\system\CodeIgniter.php(936): App\Controllers\Events->show('7')
#6 C:\wamp64\www\ScionsGit\system\CodeIgniter.php(432): CodeIgniter\CodeIgniter->runController(Object(App\Controllers\Events))
#7 C:\wamp64\www\ScionsGit\system\CodeIgniter.php(333): CodeIgniter\CodeIgniter->handleRequest(NULL, Object(Config\Cache), false)
#8 C:\wamp64\www\ScionsGit\index.php(44): CodeIgniter\CodeIgniter->run()
#9 {main}
CRITICAL - 2021-04-30 12:41:12 --> Undefined variable: event
#0 C:\wamp64\www\ScionsGit\app\Views\eventos.php(26): CodeIgniter\Debug\Exceptions->errorHandler(8, 'Undefined varia...', 'C:\\wamp64\\www\\S...', 26, Array)
#1 C:\wamp64\www\ScionsGit\system\View\View.php(220): include('C:\\wamp64\\www\\S...')
#2 C:\wamp64\www\ScionsGit\system\View\View.php(222): CodeIgniter\View\View->CodeIgniter\View\{closure}()
#3 C:\wamp64\www\ScionsGit\system\Common.php(1217): CodeIgniter\View\View->render('eventos', Array, true)
#4 C:\wamp64\www\ScionsGit\app\Controllers\Events.php(31): view('eventos', Array)
#5 C:\wamp64\www\ScionsGit\system\CodeIgniter.php(936): App\Controllers\Events->show('7')
#6 C:\wamp64\www\ScionsGit\system\CodeIgniter.php(432): CodeIgniter\CodeIgniter->runController(Object(App\Controllers\Events))
#7 C:\wamp64\www\ScionsGit\system\CodeIgniter.php(333): CodeIgniter\CodeIgniter->handleRequest(NULL, Object(Config\Cache), false)
#8 C:\wamp64\www\ScionsGit\index.php(44): CodeIgniter\CodeIgniter->run()
#9 {main}
CRITICAL - 2021-04-30 12:41:29 --> Undefined variable: event
#0 C:\wamp64\www\ScionsGit\app\Views\eventos.php(26): CodeIgniter\Debug\Exceptions->errorHandler(8, 'Undefined varia...', 'C:\\wamp64\\www\\S...', 26, Array)
#1 C:\wamp64\www\ScionsGit\system\View\View.php(220): include('C:\\wamp64\\www\\S...')
#2 C:\wamp64\www\ScionsGit\system\View\View.php(222): CodeIgniter\View\View->CodeIgniter\View\{closure}()
#3 C:\wamp64\www\ScionsGit\system\Common.php(1217): CodeIgniter\View\View->render('eventos', Array, true)
#4 C:\wamp64\www\ScionsGit\app\Controllers\Events.php(31): view('eventos', Array)
#5 C:\wamp64\www\ScionsGit\system\CodeIgniter.php(936): App\Controllers\Events->show('7')
#6 C:\wamp64\www\ScionsGit\system\CodeIgniter.php(432): CodeIgniter\CodeIgniter->runController(Object(App\Controllers\Events))
#7 C:\wamp64\www\ScionsGit\system\CodeIgniter.php(333): CodeIgniter\CodeIgniter->handleRequest(NULL, Object(Config\Cache), false)
#8 C:\wamp64\www\ScionsGit\index.php(44): CodeIgniter\CodeIgniter->run()
#9 {main}
CRITICAL - 2021-04-30 12:42:15 --> Undefined variable: events
#0 C:\wamp64\www\ScionsGit\app\Views\eventos.php(196): CodeIgniter\Debug\Exceptions->errorHandler(8, 'Undefined varia...', 'C:\\wamp64\\www\\S...', 196, Array)
#1 C:\wamp64\www\ScionsGit\system\View\View.php(220): include('C:\\wamp64\\www\\S...')
#2 C:\wamp64\www\ScionsGit\system\View\View.php(222): CodeIgniter\View\View->CodeIgniter\View\{closure}()
#3 C:\wamp64\www\ScionsGit\system\Common.php(1217): CodeIgniter\View\View->render('eventos', Array, true)
#4 C:\wamp64\www\ScionsGit\app\Controllers\Events.php(31): view('eventos', Array, Array)
#5 C:\wamp64\www\ScionsGit\system\CodeIgniter.php(936): App\Controllers\Events->show('7')
#6 C:\wamp64\www\ScionsGit\system\CodeIgniter.php(432): CodeIgniter\CodeIgniter->runController(Object(App\Controllers\Events))
#7 C:\wamp64\www\ScionsGit\system\CodeIgniter.php(333): CodeIgniter\CodeIgniter->handleRequest(NULL, Object(Config\Cache), false)
#8 C:\wamp64\www\ScionsGit\index.php(44): CodeIgniter\CodeIgniter->run()
#9 {main}
CRITICAL - 2021-04-30 12:42:55 --> Undefined variable: events
#0 C:\wamp64\www\ScionsGit\app\Views\eventos.php(196): CodeIgniter\Debug\Exceptions->errorHandler(8, 'Undefined varia...', 'C:\\wamp64\\www\\S...', 196, Array)
#1 C:\wamp64\www\ScionsGit\system\View\View.php(220): include('C:\\wamp64\\www\\S...')
#2 C:\wamp64\www\ScionsGit\system\View\View.php(222): CodeIgniter\View\View->CodeIgniter\View\{closure}()
#3 C:\wamp64\www\ScionsGit\system\Common.php(1217): CodeIgniter\View\View->render('eventos', Array, true)
#4 C:\wamp64\www\ScionsGit\app\Controllers\Events.php(31): view('eventos', Array, Array)
#5 C:\wamp64\www\ScionsGit\system\CodeIgniter.php(936): App\Controllers\Events->show('7')
#6 C:\wamp64\www\ScionsGit\system\CodeIgniter.php(432): CodeIgniter\CodeIgniter->runController(Object(App\Controllers\Events))
#7 C:\wamp64\www\ScionsGit\system\CodeIgniter.php(333): CodeIgniter\CodeIgniter->handleRequest(NULL, Object(Config\Cache), false)
#8 C:\wamp64\www\ScionsGit\index.php(44): CodeIgniter\CodeIgniter->run()
#9 {main}
CRITICAL - 2021-04-30 12:54:03 --> Undefined variable: event
#0 C:\wamp64\www\ScionsGit\app\Views\eventos.php(26): CodeIgniter\Debug\Exceptions->errorHandler(8, 'Undefined varia...', 'C:\\wamp64\\www\\S...', 26, Array)
#1 C:\wamp64\www\ScionsGit\system\View\View.php(220): include('C:\\wamp64\\www\\S...')
#2 C:\wamp64\www\ScionsGit\system\View\View.php(222): CodeIgniter\View\View->CodeIgniter\View\{closure}()
#3 C:\wamp64\www\ScionsGit\system\Common.php(1217): CodeIgniter\View\View->render('eventos', Array, true)
#4 C:\wamp64\www\ScionsGit\app\Controllers\Events.php(31): view('eventos', Array)
#5 C:\wamp64\www\ScionsGit\system\CodeIgniter.php(936): App\Controllers\Events->show('7')
#6 C:\wamp64\www\ScionsGit\system\CodeIgniter.php(432): CodeIgniter\CodeIgniter->runController(Object(App\Controllers\Events))
#7 C:\wamp64\www\ScionsGit\system\CodeIgniter.php(333): CodeIgniter\CodeIgniter->handleRequest(NULL, Object(Config\Cache), false)
#8 C:\wamp64\www\ScionsGit\index.php(44): CodeIgniter\CodeIgniter->run()
#9 {main}
CRITICAL - 2021-04-30 12:57:09 --> Undefined variable: events
#0 C:\wamp64\www\ScionsGit\app\Views\eventos.php(196): CodeIgniter\Debug\Exceptions->errorHandler(8, 'Undefined varia...', 'C:\\wamp64\\www\\S...', 196, Array)
#1 C:\wamp64\www\ScionsGit\system\View\View.php(220): include('C:\\wamp64\\www\\S...')
#2 C:\wamp64\www\ScionsGit\system\View\View.php(222): CodeIgniter\View\View->CodeIgniter\View\{closure}()
#3 C:\wamp64\www\ScionsGit\system\Common.php(1217): CodeIgniter\View\View->render('eventos', Array, true)
#4 C:\wamp64\www\ScionsGit\app\Controllers\Events.php(31): view('eventos', Array, Array)
#5 C:\wamp64\www\ScionsGit\system\CodeIgniter.php(936): App\Controllers\Events->show('7')
#6 C:\wamp64\www\ScionsGit\system\CodeIgniter.php(432): CodeIgniter\CodeIgniter->runController(Object(App\Controllers\Events))
#7 C:\wamp64\www\ScionsGit\system\CodeIgniter.php(333): CodeIgniter\CodeIgniter->handleRequest(NULL, Object(Config\Cache), false)
#8 C:\wamp64\www\ScionsGit\index.php(44): CodeIgniter\CodeIgniter->run()
#9 {main}
CRITICAL - 2021-04-30 13:01:51 --> Undefined variable: event
#0 C:\wamp64\www\ScionsGit\app\Views\eventos.php(26): CodeIgniter\Debug\Exceptions->errorHandler(8, 'Undefined varia...', 'C:\\wamp64\\www\\S...', 26, Array)
#1 C:\wamp64\www\ScionsGit\system\View\View.php(220): include('C:\\wamp64\\www\\S...')
#2 C:\wamp64\www\ScionsGit\system\View\View.php(222): CodeIgniter\View\View->CodeIgniter\View\{closure}()
#3 C:\wamp64\www\ScionsGit\system\Common.php(1217): CodeIgniter\View\View->render('eventos', Array, true)
#4 C:\wamp64\www\ScionsGit\app\Controllers\Events.php(31): view('eventos', Array)
#5 C:\wamp64\www\ScionsGit\system\CodeIgniter.php(936): App\Controllers\Events->show('7')
#6 C:\wamp64\www\ScionsGit\system\CodeIgniter.php(432): CodeIgniter\CodeIgniter->runController(Object(App\Controllers\Events))
#7 C:\wamp64\www\ScionsGit\system\CodeIgniter.php(333): CodeIgniter\CodeIgniter->handleRequest(NULL, Object(Config\Cache), false)
#8 C:\wamp64\www\ScionsGit\index.php(44): CodeIgniter\CodeIgniter->run()
#9 {main}
CRITICAL - 2021-04-30 13:03:30 --> Argument 3 passed to view() must be of the type array, object given, called in C:\wamp64\www\ScionsGit\app\Controllers\Events.php on line 29
#0 C:\wamp64\www\ScionsGit\app\Controllers\Events.php(29): view('eventos', Array, Object(App\Services\EventService))
#1 C:\wamp64\www\ScionsGit\system\CodeIgniter.php(936): App\Controllers\Events->show('7')
#2 C:\wamp64\www\ScionsGit\system\CodeIgniter.php(432): CodeIgniter\CodeIgniter->runController(Object(App\Controllers\Events))
#3 C:\wamp64\www\ScionsGit\system\CodeIgniter.php(333): CodeIgniter\CodeIgniter->handleRequest(NULL, Object(Config\Cache), false)
#4 C:\wamp64\www\ScionsGit\index.php(44): CodeIgniter\CodeIgniter->run()
#5 {main}
CRITICAL - 2021-04-30 13:05:11 --> Argument 3 passed to view() must be of the type array, object given, called in C:\wamp64\www\ScionsGit\app\Controllers\Events.php on line 29
#0 C:\wamp64\www\ScionsGit\app\Controllers\Events.php(29): view('eventos', Array, Object(App\Services\EventService))
#1 C:\wamp64\www\ScionsGit\system\CodeIgniter.php(936): App\Controllers\Events->show('7')
#2 C:\wamp64\www\ScionsGit\system\CodeIgniter.php(432): CodeIgniter\CodeIgniter->runController(Object(App\Controllers\Events))
#3 C:\wamp64\www\ScionsGit\system\CodeIgniter.php(333): CodeIgniter\CodeIgniter->handleRequest(NULL, Object(Config\Cache), false)
#4 C:\wamp64\www\ScionsGit\index.php(44): CodeIgniter\CodeIgniter->run()
#5 {main}
CRITICAL - 2021-04-30 13:05:52 --> Undefined variable: events
#0 C:\wamp64\www\ScionsGit\app\Views\eventos.php(196): CodeIgniter\Debug\Exceptions->errorHandler(8, 'Undefined varia...', 'C:\\wamp64\\www\\S...', 196, Array)
#1 C:\wamp64\www\ScionsGit\system\View\View.php(220): include('C:\\wamp64\\www\\S...')
#2 C:\wamp64\www\ScionsGit\system\View\View.php(222): CodeIgniter\View\View->CodeIgniter\View\{closure}()
#3 C:\wamp64\www\ScionsGit\system\Common.php(1217): CodeIgniter\View\View->render('eventos', Array, true)
#4 C:\wamp64\www\ScionsGit\app\Controllers\Events.php(31): view('eventos', Array, Array)
#5 C:\wamp64\www\ScionsGit\system\CodeIgniter.php(936): App\Controllers\Events->show('7')
#6 C:\wamp64\www\ScionsGit\system\CodeIgniter.php(432): CodeIgniter\CodeIgniter->runController(Object(App\Controllers\Events))
#7 C:\wamp64\www\ScionsGit\system\CodeIgniter.php(333): CodeIgniter\CodeIgniter->handleRequest(NULL, Object(Config\Cache), false)
#8 C:\wamp64\www\ScionsGit\index.php(44): CodeIgniter\CodeIgniter->run()
#9 {main}
CRITICAL - 2021-04-30 13:06:50 --> Undefined variable: events
#0 C:\wamp64\www\ScionsGit\app\Views\eventos.php(196): CodeIgniter\Debug\Exceptions->errorHandler(8, 'Undefined varia...', 'C:\\wamp64\\www\\S...', 196, Array)
#1 C:\wamp64\www\ScionsGit\system\View\View.php(220): include('C:\\wamp64\\www\\S...')
#2 C:\wamp64\www\ScionsGit\system\View\View.php(222): CodeIgniter\View\View->CodeIgniter\View\{closure}()
#3 C:\wamp64\www\ScionsGit\system\Common.php(1217): CodeIgniter\View\View->render('eventos', Array, true)
#4 C:\wamp64\www\ScionsGit\app\Controllers\Events.php(31): view('eventos', Array, Array)
#5 C:\wamp64\www\ScionsGit\system\CodeIgniter.php(936): App\Controllers\Events->show('7')
#6 C:\wamp64\www\ScionsGit\system\CodeIgniter.php(432): CodeIgniter\CodeIgniter->runController(Object(App\Controllers\Events))
#7 C:\wamp64\www\ScionsGit\system\CodeIgniter.php(333): CodeIgniter\CodeIgniter->handleRequest(NULL, Object(Config\Cache), false)
#8 C:\wamp64\www\ScionsGit\index.php(44): CodeIgniter\CodeIgniter->run()
#9 {main}
CRITICAL - 2021-04-30 14:46:46 --> Undefined variable: events
#0 C:\wamp64\www\ScionsGit\app\Views\eventos.php(196): CodeIgniter\Debug\Exceptions->errorHandler(8, 'Undefined varia...', 'C:\\wamp64\\www\\S...', 196, Array)
#1 C:\wamp64\www\ScionsGit\system\View\View.php(220): include('C:\\wamp64\\www\\S...')
#2 C:\wamp64\www\ScionsGit\system\View\View.php(222): CodeIgniter\View\View->CodeIgniter\View\{closure}()
#3 C:\wamp64\www\ScionsGit\system\Common.php(1217): CodeIgniter\View\View->render('eventos', Array, true)
#4 C:\wamp64\www\ScionsGit\app\Controllers\Events.php(31): view('eventos', Array, Array)
#5 C:\wamp64\www\ScionsGit\system\CodeIgniter.php(936): App\Controllers\Events->show('8')
#6 C:\wamp64\www\ScionsGit\system\CodeIgniter.php(432): CodeIgniter\CodeIgniter->runController(Object(App\Controllers\Events))
#7 C:\wamp64\www\ScionsGit\system\CodeIgniter.php(333): CodeIgniter\CodeIgniter->handleRequest(NULL, Object(Config\Cache), false)
#8 C:\wamp64\www\ScionsGit\index.php(44): CodeIgniter\CodeIgniter->run()
#9 {main}
CRITICAL - 2021-04-30 14:47:58 --> Undefined variable: event
#0 C:\wamp64\www\ScionsGit\app\Views\eventos.php(26): CodeIgniter\Debug\Exceptions->errorHandler(8, 'Undefined varia...', 'C:\\wamp64\\www\\S...', 26, Array)
#1 C:\wamp64\www\ScionsGit\system\View\View.php(220): include('C:\\wamp64\\www\\S...')
#2 C:\wamp64\www\ScionsGit\system\View\View.php(222): CodeIgniter\View\View->CodeIgniter\View\{closure}()
#3 C:\wamp64\www\ScionsGit\system\Common.php(1217): CodeIgniter\View\View->render('eventos', Array, true)
#4 C:\wamp64\www\ScionsGit\app\Controllers\Events.php(31): view('eventos', Array, Array)
#5 C:\wamp64\www\ScionsGit\system\CodeIgniter.php(936): App\Controllers\Events->show('8')
#6 C:\wamp64\www\ScionsGit\system\CodeIgniter.php(432): CodeIgniter\CodeIgniter->runController(Object(App\Controllers\Events))
#7 C:\wamp64\www\ScionsGit\system\CodeIgniter.php(333): CodeIgniter\CodeIgniter->handleRequest(NULL, Object(Config\Cache), false)
#8 C:\wamp64\www\ScionsGit\index.php(44): CodeIgniter\CodeIgniter->run()
#9 {main}
CRITICAL - 2021-04-30 14:49:17 --> Undefined variable: event
#0 C:\wamp64\www\ScionsGit\app\Views\eventos.php(65): CodeIgniter\Debug\Exceptions->errorHandler(8, 'Undefined varia...', 'C:\\wamp64\\www\\S...', 65, Array)
#1 C:\wamp64\www\ScionsGit\system\View\View.php(220): include('C:\\wamp64\\www\\S...')
#2 C:\wamp64\www\ScionsGit\system\View\View.php(222): CodeIgniter\View\View->CodeIgniter\View\{closure}()
#3 C:\wamp64\www\ScionsGit\system\Common.php(1217): CodeIgniter\View\View->render('eventos', Array, true)
#4 C:\wamp64\www\ScionsGit\app\Controllers\Events.php(31): view('eventos', Array, Array)
#5 C:\wamp64\www\ScionsGit\system\CodeIgniter.php(936): App\Controllers\Events->show('8')
#6 C:\wamp64\www\ScionsGit\system\CodeIgniter.php(432): CodeIgniter\CodeIgniter->runController(Object(App\Controllers\Events))
#7 C:\wamp64\www\ScionsGit\system\CodeIgniter.php(333): CodeIgniter\CodeIgniter->handleRequest(NULL, Object(Config\Cache), false)
#8 C:\wamp64\www\ScionsGit\index.php(44): CodeIgniter\CodeIgniter->run()
#9 {main}
CRITICAL - 2021-04-30 14:50:34 --> Undefined variable: e
#0 C:\wamp64\www\ScionsGit\app\Views\eventos.php(196): CodeIgniter\Debug\Exceptions->errorHandler(8, 'Undefined varia...', 'C:\\wamp64\\www\\S...', 196, Array)
#1 C:\wamp64\www\ScionsGit\system\View\View.php(220): include('C:\\wamp64\\www\\S...')
#2 C:\wamp64\www\ScionsGit\system\View\View.php(222): CodeIgniter\View\View->CodeIgniter\View\{closure}()
#3 C:\wamp64\www\ScionsGit\system\Common.php(1217): CodeIgniter\View\View->render('eventos', Array, true)
#4 C:\wamp64\www\ScionsGit\app\Controllers\Events.php(31): view('eventos', Array, Array)
#5 C:\wamp64\www\ScionsGit\system\CodeIgniter.php(936): App\Controllers\Events->show('8')
#6 C:\wamp64\www\ScionsGit\system\CodeIgniter.php(432): CodeIgniter\CodeIgniter->runController(Object(App\Controllers\Events))
#7 C:\wamp64\www\ScionsGit\system\CodeIgniter.php(333): CodeIgniter\CodeIgniter->handleRequest(NULL, Object(Config\Cache), false)
#8 C:\wamp64\www\ScionsGit\index.php(44): CodeIgniter\CodeIgniter->run()
#9 {main}
CRITICAL - 2021-04-30 14:51:17 --> Undefined variable: e
#0 C:\wamp64\www\ScionsGit\app\Views\eventos.php(196): CodeIgniter\Debug\Exceptions->errorHandler(8, 'Undefined varia...', 'C:\\wamp64\\www\\S...', 196, Array)
#1 C:\wamp64\www\ScionsGit\system\View\View.php(220): include('C:\\wamp64\\www\\S...')
#2 C:\wamp64\www\ScionsGit\system\View\View.php(222): CodeIgniter\View\View->CodeIgniter\View\{closure}()
#3 C:\wamp64\www\ScionsGit\system\Common.php(1217): CodeIgniter\View\View->render('eventos', Array, true)
#4 C:\wamp64\www\ScionsGit\app\Controllers\Events.php(31): view('eventos', Array, Array)
#5 C:\wamp64\www\ScionsGit\system\CodeIgniter.php(936): App\Controllers\Events->show('8')
#6 C:\wamp64\www\ScionsGit\system\CodeIgniter.php(432): CodeIgniter\CodeIgniter->runController(Object(App\Controllers\Events))
#7 C:\wamp64\www\ScionsGit\system\CodeIgniter.php(333): CodeIgniter\CodeIgniter->handleRequest(NULL, Object(Config\Cache), false)
#8 C:\wamp64\www\ScionsGit\index.php(44): CodeIgniter\CodeIgniter->run()
#9 {main}
CRITICAL - 2021-04-30 14:51:35 --> Undefined variable: eventos
#0 C:\wamp64\www\ScionsGit\app\Views\eventos.php(196): CodeIgniter\Debug\Exceptions->errorHandler(8, 'Undefined varia...', 'C:\\wamp64\\www\\S...', 196, Array)
#1 C:\wamp64\www\ScionsGit\system\View\View.php(220): include('C:\\wamp64\\www\\S...')
#2 C:\wamp64\www\ScionsGit\system\View\View.php(222): CodeIgniter\View\View->CodeIgniter\View\{closure}()
#3 C:\wamp64\www\ScionsGit\system\Common.php(1217): CodeIgniter\View\View->render('eventos', Array, true)
#4 C:\wamp64\www\ScionsGit\app\Controllers\Events.php(31): view('eventos', Array, Array)
#5 C:\wamp64\www\ScionsGit\system\CodeIgniter.php(936): App\Controllers\Events->show('8')
#6 C:\wamp64\www\ScionsGit\system\CodeIgniter.php(432): CodeIgniter\CodeIgniter->runController(Object(App\Controllers\Events))
#7 C:\wamp64\www\ScionsGit\system\CodeIgniter.php(333): CodeIgniter\CodeIgniter->handleRequest(NULL, Object(Config\Cache), false)
#8 C:\wamp64\www\ScionsGit\index.php(44): CodeIgniter\CodeIgniter->run()
#9 {main}
CRITICAL - 2021-04-30 14:51:46 --> Undefined variable: evento
#0 C:\wamp64\www\ScionsGit\app\Views\eventos.php(196): CodeIgniter\Debug\Exceptions->errorHandler(8, 'Undefined varia...', 'C:\\wamp64\\www\\S...', 196, Array)
#1 C:\wamp64\www\ScionsGit\system\View\View.php(220): include('C:\\wamp64\\www\\S...')
#2 C:\wamp64\www\ScionsGit\system\View\View.php(222): CodeIgniter\View\View->CodeIgniter\View\{closure}()
#3 C:\wamp64\www\ScionsGit\system\Common.php(1217): CodeIgniter\View\View->render('eventos', Array, true)
#4 C:\wamp64\www\ScionsGit\app\Controllers\Events.php(31): view('eventos', Array, Array)
#5 C:\wamp64\www\ScionsGit\system\CodeIgniter.php(936): App\Controllers\Events->show('8')
#6 C:\wamp64\www\ScionsGit\system\CodeIgniter.php(432): CodeIgniter\CodeIgniter->runController(Object(App\Controllers\Events))
#7 C:\wamp64\www\ScionsGit\system\CodeIgniter.php(333): CodeIgniter\CodeIgniter->handleRequest(NULL, Object(Config\Cache), false)
#8 C:\wamp64\www\ScionsGit\index.php(44): CodeIgniter\CodeIgniter->run()
#9 {main}
CRITICAL - 2021-04-30 14:52:05 --> Undefined variable: e
#0 C:\wamp64\www\ScionsGit\app\Views\eventos.php(196): CodeIgniter\Debug\Exceptions->errorHandler(8, 'Undefined varia...', 'C:\\wamp64\\www\\S...', 196, Array)
#1 C:\wamp64\www\ScionsGit\system\View\View.php(220): include('C:\\wamp64\\www\\S...')
#2 C:\wamp64\www\ScionsGit\system\View\View.php(222): CodeIgniter\View\View->CodeIgniter\View\{closure}()
#3 C:\wamp64\www\ScionsGit\system\Common.php(1217): CodeIgniter\View\View->render('eventos', Array, true)
#4 C:\wamp64\www\ScionsGit\app\Controllers\Events.php(31): view('eventos', Array, Array)
#5 C:\wamp64\www\ScionsGit\system\CodeIgniter.php(936): App\Controllers\Events->show('8')
#6 C:\wamp64\www\ScionsGit\system\CodeIgniter.php(432): CodeIgniter\CodeIgniter->runController(Object(App\Controllers\Events))
#7 C:\wamp64\www\ScionsGit\system\CodeIgniter.php(333): CodeIgniter\CodeIgniter->handleRequest(NULL, Object(Config\Cache), false)
#8 C:\wamp64\www\ScionsGit\index.php(44): CodeIgniter\CodeIgniter->run()
#9 {main}
CRITICAL - 2021-04-30 14:52:35 --> Undefined variable: e
#0 C:\wamp64\www\ScionsGit\app\Views\eventos.php(196): CodeIgniter\Debug\Exceptions->errorHandler(8, 'Undefined varia...', 'C:\\wamp64\\www\\S...', 196, Array)
#1 C:\wamp64\www\ScionsGit\system\View\View.php(220): include('C:\\wamp64\\www\\S...')
#2 C:\wamp64\www\ScionsGit\system\View\View.php(222): CodeIgniter\View\View->CodeIgniter\View\{closure}()
#3 C:\wamp64\www\ScionsGit\system\Common.php(1217): CodeIgniter\View\View->render('eventos', Array, true)
#4 C:\wamp64\www\ScionsGit\app\Controllers\Events.php(31): view('eventos', Array, Array)
#5 C:\wamp64\www\ScionsGit\system\CodeIgniter.php(936): App\Controllers\Events->show('8')
#6 C:\wamp64\www\ScionsGit\system\CodeIgniter.php(432): CodeIgniter\CodeIgniter->runController(Object(App\Controllers\Events))
#7 C:\wamp64\www\ScionsGit\system\CodeIgniter.php(333): CodeIgniter\CodeIgniter->handleRequest(NULL, Object(Config\Cache), false)
#8 C:\wamp64\www\ScionsGit\index.php(44): CodeIgniter\CodeIgniter->run()
#9 {main}
CRITICAL - 2021-04-30 14:55:08 --> Undefined variable: events
#0 C:\wamp64\www\ScionsGit\app\Views\eventos.php(26): CodeIgniter\Debug\Exceptions->errorHandler(8, 'Undefined varia...', 'C:\\wamp64\\www\\S...', 26, Array)
#1 C:\wamp64\www\ScionsGit\system\View\View.php(220): include('C:\\wamp64\\www\\S...')
#2 C:\wamp64\www\ScionsGit\system\View\View.php(222): CodeIgniter\View\View->CodeIgniter\View\{closure}()
#3 C:\wamp64\www\ScionsGit\system\Common.php(1217): CodeIgniter\View\View->render('eventos', Array, true)
#4 C:\wamp64\www\ScionsGit\app\Controllers\Events.php(31): view('eventos', Array, Array)
#5 C:\wamp64\www\ScionsGit\system\CodeIgniter.php(936): App\Controllers\Events->show('8')
#6 C:\wamp64\www\ScionsGit\system\CodeIgniter.php(432): CodeIgniter\CodeIgniter->runController(Object(App\Controllers\Events))
#7 C:\wamp64\www\ScionsGit\system\CodeIgniter.php(333): CodeIgniter\CodeIgniter->handleRequest(NULL, Object(Config\Cache), false)
#8 C:\wamp64\www\ScionsGit\index.php(44): CodeIgniter\CodeIgniter->run()
#9 {main}
CRITICAL - 2021-04-30 14:57:59 --> Undefined variable: events
#0 C:\wamp64\www\ScionsGit\app\Views\eventos.php(196): CodeIgniter\Debug\Exceptions->errorHandler(8, 'Undefined varia...', 'C:\\wamp64\\www\\S...', 196, Array)
#1 C:\wamp64\www\ScionsGit\system\View\View.php(220): include('C:\\wamp64\\www\\S...')
#2 C:\wamp64\www\ScionsGit\system\View\View.php(222): CodeIgniter\View\View->CodeIgniter\View\{closure}()
#3 C:\wamp64\www\ScionsGit\system\Common.php(1217): CodeIgniter\View\View->render('eventos', Array, true)
#4 C:\wamp64\www\ScionsGit\app\Controllers\Events.php(31): view('eventos', Array, Array)
#5 C:\wamp64\www\ScionsGit\system\CodeIgniter.php(936): App\Controllers\Events->show('8')
#6 C:\wamp64\www\ScionsGit\system\CodeIgniter.php(432): CodeIgniter\CodeIgniter->runController(Object(App\Controllers\Events))
#7 C:\wamp64\www\ScionsGit\system\CodeIgniter.php(333): CodeIgniter\CodeIgniter->handleRequest(NULL, Object(Config\Cache), false)
#8 C:\wamp64\www\ScionsGit\index.php(44): CodeIgniter\CodeIgniter->run()
#9 {main}
CRITICAL - 2021-04-30 15:00:00 --> Trying to get property 'image_url' of non-object
#0 C:\wamp64\www\ScionsGit\app\Views\eventos.php(26): CodeIgniter\Debug\Exceptions->errorHandler(8, 'Trying to get p...', 'C:\\wamp64\\www\\S...', 26, Array)
#1 C:\wamp64\www\ScionsGit\system\View\View.php(220): include('C:\\wamp64\\www\\S...')
#2 C:\wamp64\www\ScionsGit\system\View\View.php(222): CodeIgniter\View\View->CodeIgniter\View\{closure}()
#3 C:\wamp64\www\ScionsGit\system\Common.php(1217): CodeIgniter\View\View->render('eventos', Array, true)
#4 C:\wamp64\www\ScionsGit\app\Controllers\Events.php(31): view('eventos', Array)
#5 C:\wamp64\www\ScionsGit\system\CodeIgniter.php(936): App\Controllers\Events->show('8')
#6 C:\wamp64\www\ScionsGit\system\CodeIgniter.php(432): CodeIgniter\CodeIgniter->runController(Object(App\Controllers\Events))
#7 C:\wamp64\www\ScionsGit\system\CodeIgniter.php(333): CodeIgniter\CodeIgniter->handleRequest(NULL, Object(Config\Cache), false)
#8 C:\wamp64\www\ScionsGit\index.php(44): CodeIgniter\CodeIgniter->run()
#9 {main}
CRITICAL - 2021-04-30 15:00:29 --> Undefined variable: data
#0 C:\wamp64\www\ScionsGit\app\Views\eventos.php(26): CodeIgniter\Debug\Exceptions->errorHandler(8, 'Undefined varia...', 'C:\\wamp64\\www\\S...', 26, Array)
#1 C:\wamp64\www\ScionsGit\system\View\View.php(220): include('C:\\wamp64\\www\\S...')
#2 C:\wamp64\www\ScionsGit\system\View\View.php(222): CodeIgniter\View\View->CodeIgniter\View\{closure}()
#3 C:\wamp64\www\ScionsGit\system\Common.php(1217): CodeIgniter\View\View->render('eventos', Array, true)
#4 C:\wamp64\www\ScionsGit\app\Controllers\Events.php(31): view('eventos', Array)
#5 C:\wamp64\www\ScionsGit\system\CodeIgniter.php(936): App\Controllers\Events->show('8')
#6 C:\wamp64\www\ScionsGit\system\CodeIgniter.php(432): CodeIgniter\CodeIgniter->runController(Object(App\Controllers\Events))
#7 C:\wamp64\www\ScionsGit\system\CodeIgniter.php(333): CodeIgniter\CodeIgniter->handleRequest(NULL, Object(Config\Cache), false)
#8 C:\wamp64\www\ScionsGit\index.php(44): CodeIgniter\CodeIgniter->run()
#9 {main}
CRITICAL - 2021-04-30 15:03:32 --> Trying to get property 'image_url' of non-object
#0 C:\wamp64\www\ScionsGit\app\Views\eventos.php(26): CodeIgniter\Debug\Exceptions->errorHandler(8, 'Trying to get p...', 'C:\\wamp64\\www\\S...', 26, Array)
#1 C:\wamp64\www\ScionsGit\system\View\View.php(220): include('C:\\wamp64\\www\\S...')
#2 C:\wamp64\www\ScionsGit\system\View\View.php(222): CodeIgniter\View\View->CodeIgniter\View\{closure}()
#3 C:\wamp64\www\ScionsGit\system\Common.php(1217): CodeIgniter\View\View->render('eventos', Array, true)
#4 C:\wamp64\www\ScionsGit\app\Controllers\Events.php(31): view('eventos', Array)
#5 C:\wamp64\www\ScionsGit\system\CodeIgniter.php(936): App\Controllers\Events->show('8')
#6 C:\wamp64\www\ScionsGit\system\CodeIgniter.php(432): CodeIgniter\CodeIgniter->runController(Object(App\Controllers\Events))
#7 C:\wamp64\www\ScionsGit\system\CodeIgniter.php(333): CodeIgniter\CodeIgniter->handleRequest(NULL, Object(Config\Cache), false)
#8 C:\wamp64\www\ScionsGit\index.php(44): CodeIgniter\CodeIgniter->run()
#9 {main}
CRITICAL - 2021-04-30 15:04:57 --> Trying to get property 'image_url' of non-object
#0 C:\wamp64\www\ScionsGit\app\Views\eventos.php(26): CodeIgniter\Debug\Exceptions->errorHandler(8, 'Trying to get p...', 'C:\\wamp64\\www\\S...', 26, Array)
#1 C:\wamp64\www\ScionsGit\system\View\View.php(220): include('C:\\wamp64\\www\\S...')
#2 C:\wamp64\www\ScionsGit\system\View\View.php(222): CodeIgniter\View\View->CodeIgniter\View\{closure}()
#3 C:\wamp64\www\ScionsGit\system\Common.php(1217): CodeIgniter\View\View->render('eventos', Array, true)
#4 C:\wamp64\www\ScionsGit\app\Controllers\Events.php(31): view('eventos', Array)
#5 C:\wamp64\www\ScionsGit\system\CodeIgniter.php(936): App\Controllers\Events->show('8')
#6 C:\wamp64\www\ScionsGit\system\CodeIgniter.php(432): CodeIgniter\CodeIgniter->runController(Object(App\Controllers\Events))
#7 C:\wamp64\www\ScionsGit\system\CodeIgniter.php(333): CodeIgniter\CodeIgniter->handleRequest(NULL, Object(Config\Cache), false)
#8 C:\wamp64\www\ScionsGit\index.php(44): CodeIgniter\CodeIgniter->run()
#9 {main}
CRITICAL - 2021-04-30 15:05:48 --> Undefined variable: event
#0 C:\wamp64\www\ScionsGit\app\Views\eventos.php(26): CodeIgniter\Debug\Exceptions->errorHandler(8, 'Undefined varia...', 'C:\\wamp64\\www\\S...', 26, Array)
#1 C:\wamp64\www\ScionsGit\system\View\View.php(220): include('C:\\wamp64\\www\\S...')
#2 C:\wamp64\www\ScionsGit\system\View\View.php(222): CodeIgniter\View\View->CodeIgniter\View\{closure}()
#3 C:\wamp64\www\ScionsGit\system\Common.php(1217): CodeIgniter\View\View->render('eventos', Array, true)
#4 C:\wamp64\www\ScionsGit\app\Controllers\Events.php(31): view('eventos', Array)
#5 C:\wamp64\www\ScionsGit\system\CodeIgniter.php(936): App\Controllers\Events->show('8')
#6 C:\wamp64\www\ScionsGit\system\CodeIgniter.php(432): CodeIgniter\CodeIgniter->runController(Object(App\Controllers\Events))
#7 C:\wamp64\www\ScionsGit\system\CodeIgniter.php(333): CodeIgniter\CodeIgniter->handleRequest(NULL, Object(Config\Cache), false)
#8 C:\wamp64\www\ScionsGit\index.php(44): CodeIgniter\CodeIgniter->run()
#9 {main}
CRITICAL - 2021-04-30 15:07:15 --> Trying to get property 'image_url' of non-object
#0 C:\wamp64\www\ScionsGit\app\Views\eventos.php(26): CodeIgniter\Debug\Exceptions->errorHandler(8, 'Trying to get p...', 'C:\\wamp64\\www\\S...', 26, Array)
#1 C:\wamp64\www\ScionsGit\system\View\View.php(220): include('C:\\wamp64\\www\\S...')
#2 C:\wamp64\www\ScionsGit\system\View\View.php(222): CodeIgniter\View\View->CodeIgniter\View\{closure}()
#3 C:\wamp64\www\ScionsGit\system\Common.php(1217): CodeIgniter\View\View->render('eventos', Array, true)
#4 C:\wamp64\www\ScionsGit\app\Controllers\Events.php(31): view('eventos', Array)
#5 C:\wamp64\www\ScionsGit\system\CodeIgniter.php(936): App\Controllers\Events->show('8')
#6 C:\wamp64\www\ScionsGit\system\CodeIgniter.php(432): CodeIgniter\CodeIgniter->runController(Object(App\Controllers\Events))
#7 C:\wamp64\www\ScionsGit\system\CodeIgniter.php(333): CodeIgniter\CodeIgniter->handleRequest(NULL, Object(Config\Cache), false)
#8 C:\wamp64\www\ScionsGit\index.php(44): CodeIgniter\CodeIgniter->run()
#9 {main}
CRITICAL - 2021-04-30 15:08:28 --> Trying to get property 'image_url' of non-object
#0 C:\wamp64\www\ScionsGit\app\Views\eventos.php(27): CodeIgniter\Debug\Exceptions->errorHandler(8, 'Trying to get p...', 'C:\\wamp64\\www\\S...', 27, Array)
#1 C:\wamp64\www\ScionsGit\system\View\View.php(220): include('C:\\wamp64\\www\\S...')
#2 C:\wamp64\www\ScionsGit\system\View\View.php(222): CodeIgniter\View\View->CodeIgniter\View\{closure}()
#3 C:\wamp64\www\ScionsGit\system\Common.php(1217): CodeIgniter\View\View->render('eventos', Array, true)
#4 C:\wamp64\www\ScionsGit\app\Controllers\Events.php(31): view('eventos', Array)
#5 C:\wamp64\www\ScionsGit\system\CodeIgniter.php(936): App\Controllers\Events->show('8')
#6 C:\wamp64\www\ScionsGit\system\CodeIgniter.php(432): CodeIgniter\CodeIgniter->runController(Object(App\Controllers\Events))
#7 C:\wamp64\www\ScionsGit\system\CodeIgniter.php(333): CodeIgniter\CodeIgniter->handleRequest(NULL, Object(Config\Cache), false)
#8 C:\wamp64\www\ScionsGit\index.php(44): CodeIgniter\CodeIgniter->run()
#9 {main}
CRITICAL - 2021-04-30 15:10:02 --> Undefined variable: data
#0 C:\wamp64\www\ScionsGit\app\Views\eventos.php(25): CodeIgniter\Debug\Exceptions->errorHandler(8, 'Undefined varia...', 'C:\\wamp64\\www\\S...', 25, Array)
#1 C:\wamp64\www\ScionsGit\system\View\View.php(220): include('C:\\wamp64\\www\\S...')
#2 C:\wamp64\www\ScionsGit\system\View\View.php(222): CodeIgniter\View\View->CodeIgniter\View\{closure}()
#3 C:\wamp64\www\ScionsGit\system\Common.php(1217): CodeIgniter\View\View->render('eventos', Array, true)
#4 C:\wamp64\www\ScionsGit\app\Controllers\Events.php(31): view('eventos', Array)
#5 C:\wamp64\www\ScionsGit\system\CodeIgniter.php(936): App\Controllers\Events->show('8')
#6 C:\wamp64\www\ScionsGit\system\CodeIgniter.php(432): CodeIgniter\CodeIgniter->runController(Object(App\Controllers\Events))
#7 C:\wamp64\www\ScionsGit\system\CodeIgniter.php(333): CodeIgniter\CodeIgniter->handleRequest(NULL, Object(Config\Cache), false)
#8 C:\wamp64\www\ScionsGit\index.php(44): CodeIgniter\CodeIgniter->run()
#9 {main}
CRITICAL - 2021-04-30 15:12:23 --> Trying to get property 'name' of non-object
#0 C:\wamp64\www\ScionsGit\app\Views\eventos.php(35): CodeIgniter\Debug\Exceptions->errorHandler(8, 'Trying to get p...', 'C:\\wamp64\\www\\S...', 35, Array)
#1 C:\wamp64\www\ScionsGit\system\View\View.php(220): include('C:\\wamp64\\www\\S...')
#2 C:\wamp64\www\ScionsGit\system\View\View.php(222): CodeIgniter\View\View->CodeIgniter\View\{closure}()
#3 C:\wamp64\www\ScionsGit\system\Common.php(1217): CodeIgniter\View\View->render('eventos', Array, true)
#4 C:\wamp64\www\ScionsGit\app\Controllers\Events.php(31): view('eventos', Array)
#5 C:\wamp64\www\ScionsGit\system\CodeIgniter.php(936): App\Controllers\Events->show('8')
#6 C:\wamp64\www\ScionsGit\system\CodeIgniter.php(432): CodeIgniter\CodeIgniter->runController(Object(App\Controllers\Events))
#7 C:\wamp64\www\ScionsGit\system\CodeIgniter.php(333): CodeIgniter\CodeIgniter->handleRequest(NULL, Object(Config\Cache), false)
#8 C:\wamp64\www\ScionsGit\index.php(44): CodeIgniter\CodeIgniter->run()
#9 {main}
CRITICAL - 2021-04-30 15:12:59 --> Trying to get property 'image_url' of non-object
#0 C:\wamp64\www\ScionsGit\app\Views\eventos.php(27): CodeIgniter\Debug\Exceptions->errorHandler(8, 'Trying to get p...', 'C:\\wamp64\\www\\S...', 27, Array)
#1 C:\wamp64\www\ScionsGit\system\View\View.php(220): include('C:\\wamp64\\www\\S...')
#2 C:\wamp64\www\ScionsGit\system\View\View.php(222): CodeIgniter\View\View->CodeIgniter\View\{closure}()
#3 C:\wamp64\www\ScionsGit\system\Common.php(1217): CodeIgniter\View\View->render('eventos', Array, true)
#4 C:\wamp64\www\ScionsGit\app\Controllers\Events.php(31): view('eventos', Array)
#5 C:\wamp64\www\ScionsGit\system\CodeIgniter.php(936): App\Controllers\Events->show('8')
#6 C:\wamp64\www\ScionsGit\system\CodeIgniter.php(432): CodeIgniter\CodeIgniter->runController(Object(App\Controllers\Events))
#7 C:\wamp64\www\ScionsGit\system\CodeIgniter.php(333): CodeIgniter\CodeIgniter->handleRequest(NULL, Object(Config\Cache), false)
#8 C:\wamp64\www\ScionsGit\index.php(44): CodeIgniter\CodeIgniter->run()
#9 {main}
CRITICAL - 2021-04-30 15:13:33 --> Trying to get property 'image_url' of non-object
#0 C:\wamp64\www\ScionsGit\app\Views\eventos.php(27): CodeIgniter\Debug\Exceptions->errorHandler(8, 'Trying to get p...', 'C:\\wamp64\\www\\S...', 27, Array)
#1 C:\wamp64\www\ScionsGit\system\View\View.php(220): include('C:\\wamp64\\www\\S...')
#2 C:\wamp64\www\ScionsGit\system\View\View.php(222): CodeIgniter\View\View->CodeIgniter\View\{closure}()
#3 C:\wamp64\www\ScionsGit\system\Common.php(1217): CodeIgniter\View\View->render('eventos', Array, true)
#4 C:\wamp64\www\ScionsGit\app\Controllers\Events.php(31): view('eventos', Array)
#5 C:\wamp64\www\ScionsGit\system\CodeIgniter.php(936): App\Controllers\Events->show('8')
#6 C:\wamp64\www\ScionsGit\system\CodeIgniter.php(432): CodeIgniter\CodeIgniter->runController(Object(App\Controllers\Events))
#7 C:\wamp64\www\ScionsGit\system\CodeIgniter.php(333): CodeIgniter\CodeIgniter->handleRequest(NULL, Object(Config\Cache), false)
#8 C:\wamp64\www\ScionsGit\index.php(44): CodeIgniter\CodeIgniter->run()
#9 {main}
CRITICAL - 2021-04-30 15:13:50 --> Trying to get property 'name' of non-object
#0 C:\wamp64\www\ScionsGit\app\Views\eventos.php(35): CodeIgniter\Debug\Exceptions->errorHandler(8, 'Trying to get p...', 'C:\\wamp64\\www\\S...', 35, Array)
#1 C:\wamp64\www\ScionsGit\system\View\View.php(220): include('C:\\wamp64\\www\\S...')
#2 C:\wamp64\www\ScionsGit\system\View\View.php(222): CodeIgniter\View\View->CodeIgniter\View\{closure}()
#3 C:\wamp64\www\ScionsGit\system\Common.php(1217): CodeIgniter\View\View->render('eventos', Array, true)
#4 C:\wamp64\www\ScionsGit\app\Controllers\Events.php(31): view('eventos', Array)
#5 C:\wamp64\www\ScionsGit\system\CodeIgniter.php(936): App\Controllers\Events->show('8')
#6 C:\wamp64\www\ScionsGit\system\CodeIgniter.php(432): CodeIgniter\CodeIgniter->runController(Object(App\Controllers\Events))
#7 C:\wamp64\www\ScionsGit\system\CodeIgniter.php(333): CodeIgniter\CodeIgniter->handleRequest(NULL, Object(Config\Cache), false)
#8 C:\wamp64\www\ScionsGit\index.php(44): CodeIgniter\CodeIgniter->run()
#9 {main}
CRITICAL - 2021-04-30 15:14:00 --> Trying to get property 'image_url' of non-object
#0 C:\wamp64\www\ScionsGit\app\Views\eventos.php(27): CodeIgniter\Debug\Exceptions->errorHandler(8, 'Trying to get p...', 'C:\\wamp64\\www\\S...', 27, Array)
#1 C:\wamp64\www\ScionsGit\system\View\View.php(220): include('C:\\wamp64\\www\\S...')
#2 C:\wamp64\www\ScionsGit\system\View\View.php(222): CodeIgniter\View\View->CodeIgniter\View\{closure}()
#3 C:\wamp64\www\ScionsGit\system\Common.php(1217): CodeIgniter\View\View->render('eventos', Array, true)
#4 C:\wamp64\www\ScionsGit\app\Controllers\Events.php(31): view('eventos', Array)
#5 C:\wamp64\www\ScionsGit\system\CodeIgniter.php(936): App\Controllers\Events->show('8')
#6 C:\wamp64\www\ScionsGit\system\CodeIgniter.php(432): CodeIgniter\CodeIgniter->runController(Object(App\Controllers\Events))
#7 C:\wamp64\www\ScionsGit\system\CodeIgniter.php(333): CodeIgniter\CodeIgniter->handleRequest(NULL, Object(Config\Cache), false)
#8 C:\wamp64\www\ScionsGit\index.php(44): CodeIgniter\CodeIgniter->run()
#9 {main}
CRITICAL - 2021-04-30 15:14:25 --> Trying to get property 'name' of non-object
#0 C:\wamp64\www\ScionsGit\app\Views\eventos.php(35): CodeIgniter\Debug\Exceptions->errorHandler(8, 'Trying to get p...', 'C:\\wamp64\\www\\S...', 35, Array)
#1 C:\wamp64\www\ScionsGit\system\View\View.php(220): include('C:\\wamp64\\www\\S...')
#2 C:\wamp64\www\ScionsGit\system\View\View.php(222): CodeIgniter\View\View->CodeIgniter\View\{closure}()
#3 C:\wamp64\www\ScionsGit\system\Common.php(1217): CodeIgniter\View\View->render('eventos', Array, true)
#4 C:\wamp64\www\ScionsGit\app\Controllers\Events.php(31): view('eventos', Array)
#5 C:\wamp64\www\ScionsGit\system\CodeIgniter.php(936): App\Controllers\Events->show('8')
#6 C:\wamp64\www\ScionsGit\system\CodeIgniter.php(432): CodeIgniter\CodeIgniter->runController(Object(App\Controllers\Events))
#7 C:\wamp64\www\ScionsGit\system\CodeIgniter.php(333): CodeIgniter\CodeIgniter->handleRequest(NULL, Object(Config\Cache), false)
#8 C:\wamp64\www\ScionsGit\index.php(44): CodeIgniter\CodeIgniter->run()
#9 {main}
CRITICAL - 2021-04-30 15:14:50 --> Trying to get property 'image_url' of non-object
#0 C:\wamp64\www\ScionsGit\app\Views\eventos.php(27): CodeIgniter\Debug\Exceptions->errorHandler(8, 'Trying to get p...', 'C:\\wamp64\\www\\S...', 27, Array)
#1 C:\wamp64\www\ScionsGit\system\View\View.php(220): include('C:\\wamp64\\www\\S...')
#2 C:\wamp64\www\ScionsGit\system\View\View.php(222): CodeIgniter\View\View->CodeIgniter\View\{closure}()
#3 C:\wamp64\www\ScionsGit\system\Common.php(1217): CodeIgniter\View\View->render('eventos', Array, true)
#4 C:\wamp64\www\ScionsGit\app\Controllers\Events.php(31): view('eventos', Array)
#5 C:\wamp64\www\ScionsGit\system\CodeIgniter.php(936): App\Controllers\Events->show('8')
#6 C:\wamp64\www\ScionsGit\system\CodeIgniter.php(432): CodeIgniter\CodeIgniter->runController(Object(App\Controllers\Events))
#7 C:\wamp64\www\ScionsGit\system\CodeIgniter.php(333): CodeIgniter\CodeIgniter->handleRequest(NULL, Object(Config\Cache), false)
#8 C:\wamp64\www\ScionsGit\index.php(44): CodeIgniter\CodeIgniter->run()
#9 {main}
CRITICAL - 2021-04-30 15:15:45 --> Trying to get property 'image_url' of non-object
#0 C:\wamp64\www\ScionsGit\app\Views\eventos.php(26): CodeIgniter\Debug\Exceptions->errorHandler(8, 'Trying to get p...', 'C:\\wamp64\\www\\S...', 26, Array)
#1 C:\wamp64\www\ScionsGit\system\View\View.php(220): include('C:\\wamp64\\www\\S...')
#2 C:\wamp64\www\ScionsGit\system\View\View.php(222): CodeIgniter\View\View->CodeIgniter\View\{closure}()
#3 C:\wamp64\www\ScionsGit\system\Common.php(1217): CodeIgniter\View\View->render('eventos', Array, true)
#4 C:\wamp64\www\ScionsGit\app\Controllers\Events.php(31): view('eventos', Array)
#5 C:\wamp64\www\ScionsGit\system\CodeIgniter.php(936): App\Controllers\Events->show('8')
#6 C:\wamp64\www\ScionsGit\system\CodeIgniter.php(432): CodeIgniter\CodeIgniter->runController(Object(App\Controllers\Events))
#7 C:\wamp64\www\ScionsGit\system\CodeIgniter.php(333): CodeIgniter\CodeIgniter->handleRequest(NULL, Object(Config\Cache), false)
#8 C:\wamp64\www\ScionsGit\index.php(44): CodeIgniter\CodeIgniter->run()
#9 {main}
CRITICAL - 2021-04-30 15:17:54 --> Trying to get property 'image_url' of non-object
#0 C:\wamp64\www\ScionsGit\app\Views\eventos.php(33): CodeIgniter\Debug\Exceptions->errorHandler(8, 'Trying to get p...', 'C:\\wamp64\\www\\S...', 33, Array)
#1 C:\wamp64\www\ScionsGit\system\View\View.php(220): include('C:\\wamp64\\www\\S...')
#2 C:\wamp64\www\ScionsGit\system\View\View.php(222): CodeIgniter\View\View->CodeIgniter\View\{closure}()
#3 C:\wamp64\www\ScionsGit\system\Common.php(1217): CodeIgniter\View\View->render('eventos', Array, true)
#4 C:\wamp64\www\ScionsGit\app\Controllers\Events.php(31): view('eventos', Array)
#5 C:\wamp64\www\ScionsGit\system\CodeIgniter.php(936): App\Controllers\Events->show('8')
#6 C:\wamp64\www\ScionsGit\system\CodeIgniter.php(432): CodeIgniter\CodeIgniter->runController(Object(App\Controllers\Events))
#7 C:\wamp64\www\ScionsGit\system\CodeIgniter.php(333): CodeIgniter\CodeIgniter->handleRequest(NULL, Object(Config\Cache), false)
#8 C:\wamp64\www\ScionsGit\index.php(44): CodeIgniter\CodeIgniter->run()
#9 {main}
CRITICAL - 2021-04-30 15:19:44 --> Trying to get property 'image_url' of non-object
#0 C:\wamp64\www\ScionsGit\app\Views\eventos.php(36): CodeIgniter\Debug\Exceptions->errorHandler(8, 'Trying to get p...', 'C:\\wamp64\\www\\S...', 36, Array)
#1 C:\wamp64\www\ScionsGit\system\View\View.php(220): include('C:\\wamp64\\www\\S...')
#2 C:\wamp64\www\ScionsGit\system\View\View.php(222): CodeIgniter\View\View->CodeIgniter\View\{closure}()
#3 C:\wamp64\www\ScionsGit\system\Common.php(1217): CodeIgniter\View\View->render('eventos', Array, true)
#4 C:\wamp64\www\ScionsGit\app\Controllers\Events.php(31): view('eventos', Array)
#5 C:\wamp64\www\ScionsGit\system\CodeIgniter.php(936): App\Controllers\Events->show('8')
#6 C:\wamp64\www\ScionsGit\system\CodeIgniter.php(432): CodeIgniter\CodeIgniter->runController(Object(App\Controllers\Events))
#7 C:\wamp64\www\ScionsGit\system\CodeIgniter.php(333): CodeIgniter\CodeIgniter->handleRequest(NULL, Object(Config\Cache), false)
#8 C:\wamp64\www\ScionsGit\index.php(44): CodeIgniter\CodeIgniter->run()
#9 {main}
CRITICAL - 2021-04-30 15:22:19 --> Trying to get property 'category_name' of non-object
#0 C:\wamp64\www\ScionsGit\app\Views\eventos.php(72): CodeIgniter\Debug\Exceptions->errorHandler(8, 'Trying to get p...', 'C:\\wamp64\\www\\S...', 72, Array)
#1 C:\wamp64\www\ScionsGit\system\View\View.php(220): include('C:\\wamp64\\www\\S...')
#2 C:\wamp64\www\ScionsGit\system\View\View.php(222): CodeIgniter\View\View->CodeIgniter\View\{closure}()
#3 C:\wamp64\www\ScionsGit\system\Common.php(1217): CodeIgniter\View\View->render('eventos', Array, true)
#4 C:\wamp64\www\ScionsGit\app\Controllers\Events.php(31): view('eventos', Array)
#5 C:\wamp64\www\ScionsGit\system\CodeIgniter.php(936): App\Controllers\Events->show('8')
#6 C:\wamp64\www\ScionsGit\system\CodeIgniter.php(432): CodeIgniter\CodeIgniter->runController(Object(App\Controllers\Events))
#7 C:\wamp64\www\ScionsGit\system\CodeIgniter.php(333): CodeIgniter\CodeIgniter->handleRequest(NULL, Object(Config\Cache), false)
#8 C:\wamp64\www\ScionsGit\index.php(44): CodeIgniter\CodeIgniter->run()
#9 {main}
CRITICAL - 2021-04-30 15:23:43 --> Undefined variable: eventDetails
#0 C:\wamp64\www\ScionsGit\app\Views\eventos.php(119): CodeIgniter\Debug\Exceptions->errorHandler(8, 'Undefined varia...', 'C:\\wamp64\\www\\S...', 119, Array)
#1 C:\wamp64\www\ScionsGit\system\View\View.php(220): include('C:\\wamp64\\www\\S...')
#2 C:\wamp64\www\ScionsGit\system\View\View.php(222): CodeIgniter\View\View->CodeIgniter\View\{closure}()
#3 C:\wamp64\www\ScionsGit\system\Common.php(1217): CodeIgniter\View\View->render('eventos', Array, true)
#4 C:\wamp64\www\ScionsGit\app\Controllers\Events.php(31): view('eventos', Array)
#5 C:\wamp64\www\ScionsGit\system\CodeIgniter.php(936): App\Controllers\Events->show('8')
#6 C:\wamp64\www\ScionsGit\system\CodeIgniter.php(432): CodeIgniter\CodeIgniter->runController(Object(App\Controllers\Events))
#7 C:\wamp64\www\ScionsGit\system\CodeIgniter.php(333): CodeIgniter\CodeIgniter->handleRequest(NULL, Object(Config\Cache), false)
#8 C:\wamp64\www\ScionsGit\index.php(44): CodeIgniter\CodeIgniter->run()
#9 {main}
CRITICAL - 2021-04-30 15:24:16 --> Undefined variable: eventDetails
#0 C:\wamp64\www\ScionsGit\app\Views\eventos.php(119): CodeIgniter\Debug\Exceptions->errorHandler(8, 'Undefined varia...', 'C:\\wamp64\\www\\S...', 119, Array)
#1 C:\wamp64\www\ScionsGit\system\View\View.php(220): include('C:\\wamp64\\www\\S...')
#2 C:\wamp64\www\ScionsGit\system\View\View.php(222): CodeIgniter\View\View->CodeIgniter\View\{closure}()
#3 C:\wamp64\www\ScionsGit\system\Common.php(1217): CodeIgniter\View\View->render('eventos', Array, true)
#4 C:\wamp64\www\ScionsGit\app\Controllers\Events.php(31): view('eventos', Array)
#5 C:\wamp64\www\ScionsGit\system\CodeIgniter.php(936): App\Controllers\Events->show('8')
#6 C:\wamp64\www\ScionsGit\system\CodeIgniter.php(432): CodeIgniter\CodeIgniter->runController(Object(App\Controllers\Events))
#7 C:\wamp64\www\ScionsGit\system\CodeIgniter.php(333): CodeIgniter\CodeIgniter->handleRequest(NULL, Object(Config\Cache), false)
#8 C:\wamp64\www\ScionsGit\index.php(44): CodeIgniter\CodeIgniter->run()
#9 {main}
CRITICAL - 2021-04-30 15:25:49 --> Undefined variable: events
#0 C:\wamp64\www\ScionsGit\app\Views\eventos.php(26): CodeIgniter\Debug\Exceptions->errorHandler(8, 'Undefined varia...', 'C:\\wamp64\\www\\S...', 26, Array)
#1 C:\wamp64\www\ScionsGit\system\View\View.php(220): include('C:\\wamp64\\www\\S...')
#2 C:\wamp64\www\ScionsGit\system\View\View.php(222): CodeIgniter\View\View->CodeIgniter\View\{closure}()
#3 C:\wamp64\www\ScionsGit\system\Common.php(1217): CodeIgniter\View\View->render('eventos', Array, true)
#4 C:\wamp64\www\ScionsGit\app\Controllers\Events.php(31): view('eventos', Array)
#5 C:\wamp64\www\ScionsGit\system\CodeIgniter.php(936): App\Controllers\Events->show('8')
#6 C:\wamp64\www\ScionsGit\system\CodeIgniter.php(432): CodeIgniter\CodeIgniter->runController(Object(App\Controllers\Events))
#7 C:\wamp64\www\ScionsGit\system\CodeIgniter.php(333): CodeIgniter\CodeIgniter->handleRequest(NULL, Object(Config\Cache), false)
#8 C:\wamp64\www\ScionsGit\index.php(44): CodeIgniter\CodeIgniter->run()
#9 {main}
CRITICAL - 2021-04-30 15:26:47 --> Undefined variable: event
#0 C:\wamp64\www\ScionsGit\app\Views\eventos.php(26): CodeIgniter\Debug\Exceptions->errorHandler(8, 'Undefined varia...', 'C:\\wamp64\\www\\S...', 26, Array)
#1 C:\wamp64\www\ScionsGit\system\View\View.php(220): include('C:\\wamp64\\www\\S...')
#2 C:\wamp64\www\ScionsGit\system\View\View.php(222): CodeIgniter\View\View->CodeIgniter\View\{closure}()
#3 C:\wamp64\www\ScionsGit\system\Common.php(1217): CodeIgniter\View\View->render('eventos', Array, true)
#4 C:\wamp64\www\ScionsGit\app\Controllers\Events.php(31): view('eventos', Array)
#5 C:\wamp64\www\ScionsGit\system\CodeIgniter.php(936): App\Controllers\Events->show('8')
#6 C:\wamp64\www\ScionsGit\system\CodeIgniter.php(432): CodeIgniter\CodeIgniter->runController(Object(App\Controllers\Events))
#7 C:\wamp64\www\ScionsGit\system\CodeIgniter.php(333): CodeIgniter\CodeIgniter->handleRequest(NULL, Object(Config\Cache), false)
#8 C:\wamp64\www\ScionsGit\index.php(44): CodeIgniter\CodeIgniter->run()
#9 {main}
CRITICAL - 2021-04-30 15:27:17 --> Undefined variable: events
#0 C:\wamp64\www\ScionsGit\app\Views\eventos.php(95): CodeIgniter\Debug\Exceptions->errorHandler(8, 'Undefined varia...', 'C:\\wamp64\\www\\S...', 95, Array)
#1 C:\wamp64\www\ScionsGit\system\View\View.php(220): include('C:\\wamp64\\www\\S...')
#2 C:\wamp64\www\ScionsGit\system\View\View.php(222): CodeIgniter\View\View->CodeIgniter\View\{closure}()
#3 C:\wamp64\www\ScionsGit\system\Common.php(1217): CodeIgniter\View\View->render('eventos', Array, true)
#4 C:\wamp64\www\ScionsGit\app\Controllers\Events.php(31): view('eventos', Array, Array)
#5 C:\wamp64\www\ScionsGit\system\CodeIgniter.php(936): App\Controllers\Events->show('8')
#6 C:\wamp64\www\ScionsGit\system\CodeIgniter.php(432): CodeIgniter\CodeIgniter->runController(Object(App\Controllers\Events))
#7 C:\wamp64\www\ScionsGit\system\CodeIgniter.php(333): CodeIgniter\CodeIgniter->handleRequest(NULL, Object(Config\Cache), false)
#8 C:\wamp64\www\ScionsGit\index.php(44): CodeIgniter\CodeIgniter->run()
#9 {main}
CRITICAL - 2021-04-30 15:27:36 --> Undefined variable: e
#0 C:\wamp64\www\ScionsGit\app\Views\eventos.php(196): CodeIgniter\Debug\Exceptions->errorHandler(8, 'Undefined varia...', 'C:\\wamp64\\www\\S...', 196, Array)
#1 C:\wamp64\www\ScionsGit\system\View\View.php(220): include('C:\\wamp64\\www\\S...')
#2 C:\wamp64\www\ScionsGit\system\View\View.php(222): CodeIgniter\View\View->CodeIgniter\View\{closure}()
#3 C:\wamp64\www\ScionsGit\system\Common.php(1217): CodeIgniter\View\View->render('eventos', Array, true)
#4 C:\wamp64\www\ScionsGit\app\Controllers\Events.php(31): view('eventos', Array, Array)
#5 C:\wamp64\www\ScionsGit\system\CodeIgniter.php(936): App\Controllers\Events->show('8')
#6 C:\wamp64\www\ScionsGit\system\CodeIgniter.php(432): CodeIgniter\CodeIgniter->runController(Object(App\Controllers\Events))
#7 C:\wamp64\www\ScionsGit\system\CodeIgniter.php(333): CodeIgniter\CodeIgniter->handleRequest(NULL, Object(Config\Cache), false)
#8 C:\wamp64\www\ScionsGit\index.php(44): CodeIgniter\CodeIgniter->run()
#9 {main}
CRITICAL - 2021-04-30 15:29:00 --> Undefined variable: events
#0 C:\wamp64\www\ScionsGit\app\Views\eventos.php(196): CodeIgniter\Debug\Exceptions->errorHandler(8, 'Undefined varia...', 'C:\\wamp64\\www\\S...', 196, Array)
#1 C:\wamp64\www\ScionsGit\system\View\View.php(220): include('C:\\wamp64\\www\\S...')
#2 C:\wamp64\www\ScionsGit\system\View\View.php(222): CodeIgniter\View\View->CodeIgniter\View\{closure}()
#3 C:\wamp64\www\ScionsGit\system\Common.php(1217): CodeIgniter\View\View->render('eventos', Array, true)
#4 C:\wamp64\www\ScionsGit\app\Controllers\Events.php(31): view('eventos', Array, Array)
#5 C:\wamp64\www\ScionsGit\system\CodeIgniter.php(936): App\Controllers\Events->show('8')
#6 C:\wamp64\www\ScionsGit\system\CodeIgniter.php(432): CodeIgniter\CodeIgniter->runController(Object(App\Controllers\Events))
#7 C:\wamp64\www\ScionsGit\system\CodeIgniter.php(333): CodeIgniter\CodeIgniter->handleRequest(NULL, Object(Config\Cache), false)
#8 C:\wamp64\www\ScionsGit\index.php(44): CodeIgniter\CodeIgniter->run()
#9 {main}
CRITICAL - 2021-04-30 15:30:17 --> Undefined variable: events
#0 C:\wamp64\www\ScionsGit\app\Views\eventos.php(196): CodeIgniter\Debug\Exceptions->errorHandler(8, 'Undefined varia...', 'C:\\wamp64\\www\\S...', 196, Array)
#1 C:\wamp64\www\ScionsGit\system\View\View.php(220): include('C:\\wamp64\\www\\S...')
#2 C:\wamp64\www\ScionsGit\system\View\View.php(222): CodeIgniter\View\View->CodeIgniter\View\{closure}()
#3 C:\wamp64\www\ScionsGit\system\Common.php(1217): CodeIgniter\View\View->render('eventos', Array, true)
#4 C:\wamp64\www\ScionsGit\app\Controllers\Events.php(31): view('eventos', Array, Array)
#5 C:\wamp64\www\ScionsGit\system\CodeIgniter.php(936): App\Controllers\Events->show('8')
#6 C:\wamp64\www\ScionsGit\system\CodeIgniter.php(432): CodeIgniter\CodeIgniter->runController(Object(App\Controllers\Events))
#7 C:\wamp64\www\ScionsGit\system\CodeIgniter.php(333): CodeIgniter\CodeIgniter->handleRequest(NULL, Object(Config\Cache), false)
#8 C:\wamp64\www\ScionsGit\index.php(44): CodeIgniter\CodeIgniter->run()
#9 {main}
CRITICAL - 2021-04-30 15:30:42 --> Undefined variable: events
#0 C:\wamp64\www\ScionsGit\app\Views\eventos.php(196): CodeIgniter\Debug\Exceptions->errorHandler(8, 'Undefined varia...', 'C:\\wamp64\\www\\S...', 196, Array)
#1 C:\wamp64\www\ScionsGit\system\View\View.php(220): include('C:\\wamp64\\www\\S...')
#2 C:\wamp64\www\ScionsGit\system\View\View.php(222): CodeIgniter\View\View->CodeIgniter\View\{closure}()
#3 C:\wamp64\www\ScionsGit\system\Common.php(1217): CodeIgniter\View\View->render('eventos', Array, true)
#4 C:\wamp64\www\ScionsGit\app\Controllers\Events.php(31): view('eventos', Array, Array)
#5 C:\wamp64\www\ScionsGit\system\CodeIgniter.php(936): App\Controllers\Events->show('8')
#6 C:\wamp64\www\ScionsGit\system\CodeIgniter.php(432): CodeIgniter\CodeIgniter->runController(Object(App\Controllers\Events))
#7 C:\wamp64\www\ScionsGit\system\CodeIgniter.php(333): CodeIgniter\CodeIgniter->handleRequest(NULL, Object(Config\Cache), false)
#8 C:\wamp64\www\ScionsGit\index.php(44): CodeIgniter\CodeIgniter->run()
#9 {main}
CRITICAL - 2021-04-30 15:30:59 --> Undefined variable: modelEvent
#0 C:\wamp64\www\ScionsGit\app\Views\eventos.php(196): CodeIgniter\Debug\Exceptions->errorHandler(8, 'Undefined varia...', 'C:\\wamp64\\www\\S...', 196, Array)
#1 C:\wamp64\www\ScionsGit\system\View\View.php(220): include('C:\\wamp64\\www\\S...')
#2 C:\wamp64\www\ScionsGit\system\View\View.php(222): CodeIgniter\View\View->CodeIgniter\View\{closure}()
#3 C:\wamp64\www\ScionsGit\system\Common.php(1217): CodeIgniter\View\View->render('eventos', Array, true)
#4 C:\wamp64\www\ScionsGit\app\Controllers\Events.php(31): view('eventos', Array, Array)
#5 C:\wamp64\www\ScionsGit\system\CodeIgniter.php(936): App\Controllers\Events->show('8')
#6 C:\wamp64\www\ScionsGit\system\CodeIgniter.php(432): CodeIgniter\CodeIgniter->runController(Object(App\Controllers\Events))
#7 C:\wamp64\www\ScionsGit\system\CodeIgniter.php(333): CodeIgniter\CodeIgniter->handleRequest(NULL, Object(Config\Cache), false)
#8 C:\wamp64\www\ScionsGit\index.php(44): CodeIgniter\CodeIgniter->run()
#9 {main}
CRITICAL - 2021-04-30 15:41:02 --> Undefined variable: event
#0 C:\wamp64\www\ScionsGit\app\Views\eventos.php(26): CodeIgniter\Debug\Exceptions->errorHandler(8, 'Undefined varia...', 'C:\\wamp64\\www\\S...', 26, Array)
#1 C:\wamp64\www\ScionsGit\system\View\View.php(220): include('C:\\wamp64\\www\\S...')
#2 C:\wamp64\www\ScionsGit\system\View\View.php(222): CodeIgniter\View\View->CodeIgniter\View\{closure}()
#3 C:\wamp64\www\ScionsGit\system\Common.php(1217): CodeIgniter\View\View->render('eventos', Array, true)
#4 C:\wamp64\www\ScionsGit\app\Controllers\Events.php(33): view('eventos', Array)
#5 C:\wamp64\www\ScionsGit\system\CodeIgniter.php(936): App\Controllers\Events->show('8')
#6 C:\wamp64\www\ScionsGit\system\CodeIgniter.php(432): CodeIgniter\CodeIgniter->runController(Object(App\Controllers\Events))
#7 C:\wamp64\www\ScionsGit\system\CodeIgniter.php(333): CodeIgniter\CodeIgniter->handleRequest(NULL, Object(Config\Cache), false)
#8 C:\wamp64\www\ScionsGit\index.php(44): CodeIgniter\CodeIgniter->run()
#9 {main}
CRITICAL - 2021-04-30 15:42:20 --> Undefined variable: event
#0 C:\wamp64\www\ScionsGit\app\Views\eventos.php(26): CodeIgniter\Debug\Exceptions->errorHandler(8, 'Undefined varia...', 'C:\\wamp64\\www\\S...', 26, Array)
#1 C:\wamp64\www\ScionsGit\system\View\View.php(220): include('C:\\wamp64\\www\\S...')
#2 C:\wamp64\www\ScionsGit\system\View\View.php(222): CodeIgniter\View\View->CodeIgniter\View\{closure}()
#3 C:\wamp64\www\ScionsGit\system\Common.php(1217): CodeIgniter\View\View->render('eventos', Array, true)
#4 C:\wamp64\www\ScionsGit\app\Controllers\Events.php(33): view('eventos', Array)
#5 C:\wamp64\www\ScionsGit\system\CodeIgniter.php(936): App\Controllers\Events->show('8')
#6 C:\wamp64\www\ScionsGit\system\CodeIgniter.php(432): CodeIgniter\CodeIgniter->runController(Object(App\Controllers\Events))
#7 C:\wamp64\www\ScionsGit\system\CodeIgniter.php(333): CodeIgniter\CodeIgniter->handleRequest(NULL, Object(Config\Cache), false)
#8 C:\wamp64\www\ScionsGit\index.php(44): CodeIgniter\CodeIgniter->run()
#9 {main}
CRITICAL - 2021-04-30 16:03:10 --> Call to undefined method App\Models\EventModel::getById
#0 C:\wamp64\www\ScionsGit\app\Controllers\Events.php(18): CodeIgniter\Model->__call('getById', Array)
#1 C:\wamp64\www\ScionsGit\system\CodeIgniter.php(936): App\Controllers\Events->show('8')
#2 C:\wamp64\www\ScionsGit\system\CodeIgniter.php(432): CodeIgniter\CodeIgniter->runController(Object(App\Controllers\Events))
#3 C:\wamp64\www\ScionsGit\system\CodeIgniter.php(333): CodeIgniter\CodeIgniter->handleRequest(NULL, Object(Config\Cache), false)
#4 C:\wamp64\www\ScionsGit\index.php(44): CodeIgniter\CodeIgniter->run()
#5 {main}
