CRITICAL - 2021-03-03 10:33:05 --> Undefined property: App\Controllers\Home::$load
#0 C:\wamp64\www\ScionsTest\app\Controllers\Home.php(9): CodeIgniter\Debug\Exceptions->errorHandler(8, 'Undefined prope...', 'C:\\wamp64\\www\\S...', 9, Array)
#1 C:\wamp64\www\ScionsTest\system\CodeIgniter.php(936): App\Controllers\Home->index()
#2 C:\wamp64\www\ScionsTest\system\CodeIgniter.php(432): CodeIgniter\CodeIgniter->runController(Object(App\Controllers\Home))
#3 C:\wamp64\www\ScionsTest\system\CodeIgniter.php(333): CodeIgniter\CodeIgniter->handleRequest(NULL, Object(Config\Cache), false)
#4 C:\wamp64\www\ScionsTest\index.php(44): CodeIgniter\CodeIgniter->run()
#5 {main}
CRITICAL - 2021-03-03 19:59:59 --> Class 'App\Models\UserModal' not found
#0 C:\wamp64\www\ScionsTest\system\CodeIgniter.php(936): App\Controllers\Home->index()
#1 C:\wamp64\www\ScionsTest\system\CodeIgniter.php(432): CodeIgniter\CodeIgniter->runController(Object(App\Controllers\Home))
#2 C:\wamp64\www\ScionsTest\system\CodeIgniter.php(333): CodeIgniter\CodeIgniter->handleRequest(NULL, Object(Config\Cache), false)
#3 C:\wamp64\www\ScionsTest\index.php(44): CodeIgniter\CodeIgniter->run()
#4 {main}
CRITICAL - 2021-03-03 20:07:09 --> Class 'App\Models\UserModal' not found
#0 C:\wamp64\www\ScionsTest\system\CodeIgniter.php(936): App\Controllers\Home->index()
#1 C:\wamp64\www\ScionsTest\system\CodeIgniter.php(432): CodeIgniter\CodeIgniter->runController(Object(App\Controllers\Home))
#2 C:\wamp64\www\ScionsTest\system\CodeIgniter.php(333): CodeIgniter\CodeIgniter->handleRequest(NULL, Object(Config\Cache), false)
#3 C:\wamp64\www\ScionsTest\index.php(44): CodeIgniter\CodeIgniter->run()
#4 {main}
CRITICAL - 2021-03-03 20:25:39 --> Class 'App\Controllers\UserModal' not found
#0 C:\wamp64\www\ScionsTest\system\CodeIgniter.php(936): App\Controllers\Home->index()
#1 C:\wamp64\www\ScionsTest\system\CodeIgniter.php(432): CodeIgniter\CodeIgniter->runController(Object(App\Controllers\Home))
#2 C:\wamp64\www\ScionsTest\system\CodeIgniter.php(333): CodeIgniter\CodeIgniter->handleRequest(NULL, Object(Config\Cache), false)
#3 C:\wamp64\www\ScionsTest\index.php(44): CodeIgniter\CodeIgniter->run()
#4 {main}
CRITICAL - 2021-03-03 20:26:08 --> Class 'App\Controllers\UserModal' not found
#0 C:\wamp64\www\ScionsTest\system\CodeIgniter.php(936): App\Controllers\Home->index()
#1 C:\wamp64\www\ScionsTest\system\CodeIgniter.php(432): CodeIgniter\CodeIgniter->runController(Object(App\Controllers\Home))
#2 C:\wamp64\www\ScionsTest\system\CodeIgniter.php(333): CodeIgniter\CodeIgniter->handleRequest(NULL, Object(Config\Cache), false)
#3 C:\wamp64\www\ScionsTest\index.php(44): CodeIgniter\CodeIgniter->run()
#4 {main}
CRITICAL - 2021-03-03 20:26:45 --> Class 'App\Models\UserModel' not found
#0 C:\wamp64\www\ScionsTest\system\CodeIgniter.php(936): App\Controllers\Home->index()
#1 C:\wamp64\www\ScionsTest\system\CodeIgniter.php(432): CodeIgniter\CodeIgniter->runController(Object(App\Controllers\Home))
#2 C:\wamp64\www\ScionsTest\system\CodeIgniter.php(333): CodeIgniter\CodeIgniter->handleRequest(NULL, Object(Config\Cache), false)
#3 C:\wamp64\www\ScionsTest\index.php(44): CodeIgniter\CodeIgniter->run()
#4 {main}
ERROR - 2021-03-03 20:33:41 --> Error connecting to the database: MySQL server has gone away
CRITICAL - 2021-03-03 20:33:41 --> Unable to connect to the database.
#0 C:\wamp64\www\ScionsTest\system\Database\BaseConnection.php(618): CodeIgniter\Database\BaseConnection->initialize()
#1 C:\wamp64\www\ScionsTest\system\Database\BaseBuilder.php(1866): CodeIgniter\Database\BaseConnection->query('SELECT *\nFROM `...', Array, false)
#2 C:\wamp64\www\ScionsTest\system\Model.php(169): CodeIgniter\Database\BaseBuilder->get()
#3 C:\wamp64\www\ScionsTest\system\BaseModel.php(518): CodeIgniter\Model->doFind(true, '1')
#4 C:\wamp64\www\ScionsTest\app\Controllers\Home.php(12): CodeIgniter\BaseModel->find('1')
#5 C:\wamp64\www\ScionsTest\system\CodeIgniter.php(936): App\Controllers\Home->index()
#6 C:\wamp64\www\ScionsTest\system\CodeIgniter.php(432): CodeIgniter\CodeIgniter->runController(Object(App\Controllers\Home))
#7 C:\wamp64\www\ScionsTest\system\CodeIgniter.php(333): CodeIgniter\CodeIgniter->handleRequest(NULL, Object(Config\Cache), false)
#8 C:\wamp64\www\ScionsTest\index.php(44): CodeIgniter\CodeIgniter->run()
#9 {main}
ERROR - 2021-03-03 20:34:26 --> mysqli_sql_exception: Unknown column 'user.deleted_at' in 'where clause' in C:\wamp64\www\ScionsTest\system\Database\MySQLi\Connection.php:314
Stack trace:
#0 C:\wamp64\www\ScionsTest\system\Database\MySQLi\Connection.php(314): mysqli->query('SELECT *\nFROM `...')
#1 C:\wamp64\www\ScionsTest\system\Database\BaseConnection.php(713): CodeIgniter\Database\MySQLi\Connection->execute('SELECT *\nFROM `...')
#2 C:\wamp64\www\ScionsTest\system\Database\BaseConnection.php(641): CodeIgniter\Database\BaseConnection->simpleQuery('SELECT *\nFROM `...')
#3 C:\wamp64\www\ScionsTest\system\Database\BaseBuilder.php(1866): CodeIgniter\Database\BaseConnection->query('SELECT *\nFROM `...', Array, false)
#4 C:\wamp64\www\ScionsTest\system\Model.php(169): CodeIgniter\Database\BaseBuilder->get()
#5 C:\wamp64\www\ScionsTest\system\BaseModel.php(518): CodeIgniter\Model->doFind(true, '1')
#6 C:\wamp64\www\ScionsTest\app\Controllers\Home.php(12): CodeIgniter\BaseModel->find('1')
#7 C:\wamp64\www\ScionsTest\system\CodeIgniter.php(936): App\Controllers\Home->index()
#8 C:\wamp64\www\ScionsTest\system\CodeIgniter.php(432): CodeIgniter\CodeIgniter->runController(Object(App\Controllers\Home))
#9 C:\wamp64\www\ScionsTest\system\CodeIgniter.php(333): CodeIgniter\CodeIgniter->handleRequest(NULL, Object(Config\Cache), false)
#10 C:\wamp64\www\ScionsTest\index.php(44): CodeIgniter\CodeIgniter->run()
#11 {main}
CRITICAL - 2021-03-03 20:34:26 --> Unknown column 'user.deleted_at' in 'where clause'
#0 C:\wamp64\www\ScionsTest\system\Database\MySQLi\Connection.php(314): mysqli->query('SELECT *\nFROM `...')
#1 C:\wamp64\www\ScionsTest\system\Database\BaseConnection.php(713): CodeIgniter\Database\MySQLi\Connection->execute('SELECT *\nFROM `...')
#2 C:\wamp64\www\ScionsTest\system\Database\BaseConnection.php(641): CodeIgniter\Database\BaseConnection->simpleQuery('SELECT *\nFROM `...')
#3 C:\wamp64\www\ScionsTest\system\Database\BaseBuilder.php(1866): CodeIgniter\Database\BaseConnection->query('SELECT *\nFROM `...', Array, false)
#4 C:\wamp64\www\ScionsTest\system\Model.php(169): CodeIgniter\Database\BaseBuilder->get()
#5 C:\wamp64\www\ScionsTest\system\BaseModel.php(518): CodeIgniter\Model->doFind(true, '1')
#6 C:\wamp64\www\ScionsTest\app\Controllers\Home.php(12): CodeIgniter\BaseModel->find('1')
#7 C:\wamp64\www\ScionsTest\system\CodeIgniter.php(936): App\Controllers\Home->index()
#8 C:\wamp64\www\ScionsTest\system\CodeIgniter.php(432): CodeIgniter\CodeIgniter->runController(Object(App\Controllers\Home))
#9 C:\wamp64\www\ScionsTest\system\CodeIgniter.php(333): CodeIgniter\CodeIgniter->handleRequest(NULL, Object(Config\Cache), false)
#10 C:\wamp64\www\ScionsTest\index.php(44): CodeIgniter\CodeIgniter->run()
#11 {main}
ERROR - 2021-03-03 20:34:29 --> mysqli_sql_exception: Unknown column 'user.deleted_at' in 'where clause' in C:\wamp64\www\ScionsTest\system\Database\MySQLi\Connection.php:314
Stack trace:
#0 C:\wamp64\www\ScionsTest\system\Database\MySQLi\Connection.php(314): mysqli->query('SELECT *\nFROM `...')
#1 C:\wamp64\www\ScionsTest\system\Database\BaseConnection.php(713): CodeIgniter\Database\MySQLi\Connection->execute('SELECT *\nFROM `...')
#2 C:\wamp64\www\ScionsTest\system\Database\BaseConnection.php(641): CodeIgniter\Database\BaseConnection->simpleQuery('SELECT *\nFROM `...')
#3 C:\wamp64\www\ScionsTest\system\Database\BaseBuilder.php(1866): CodeIgniter\Database\BaseConnection->query('SELECT *\nFROM `...', Array, false)
#4 C:\wamp64\www\ScionsTest\system\Model.php(169): CodeIgniter\Database\BaseBuilder->get()
#5 C:\wamp64\www\ScionsTest\system\BaseModel.php(518): CodeIgniter\Model->doFind(true, '1')
#6 C:\wamp64\www\ScionsTest\app\Controllers\Home.php(12): CodeIgniter\BaseModel->find('1')
#7 C:\wamp64\www\ScionsTest\system\CodeIgniter.php(936): App\Controllers\Home->index()
#8 C:\wamp64\www\ScionsTest\system\CodeIgniter.php(432): CodeIgniter\CodeIgniter->runController(Object(App\Controllers\Home))
#9 C:\wamp64\www\ScionsTest\system\CodeIgniter.php(333): CodeIgniter\CodeIgniter->handleRequest(NULL, Object(Config\Cache), false)
#10 C:\wamp64\www\ScionsTest\index.php(44): CodeIgniter\CodeIgniter->run()
#11 {main}
CRITICAL - 2021-03-03 20:34:29 --> Unknown column 'user.deleted_at' in 'where clause'
#0 C:\wamp64\www\ScionsTest\system\Database\MySQLi\Connection.php(314): mysqli->query('SELECT *\nFROM `...')
#1 C:\wamp64\www\ScionsTest\system\Database\BaseConnection.php(713): CodeIgniter\Database\MySQLi\Connection->execute('SELECT *\nFROM `...')
#2 C:\wamp64\www\ScionsTest\system\Database\BaseConnection.php(641): CodeIgniter\Database\BaseConnection->simpleQuery('SELECT *\nFROM `...')
#3 C:\wamp64\www\ScionsTest\system\Database\BaseBuilder.php(1866): CodeIgniter\Database\BaseConnection->query('SELECT *\nFROM `...', Array, false)
#4 C:\wamp64\www\ScionsTest\system\Model.php(169): CodeIgniter\Database\BaseBuilder->get()
#5 C:\wamp64\www\ScionsTest\system\BaseModel.php(518): CodeIgniter\Model->doFind(true, '1')
#6 C:\wamp64\www\ScionsTest\app\Controllers\Home.php(12): CodeIgniter\BaseModel->find('1')
#7 C:\wamp64\www\ScionsTest\system\CodeIgniter.php(936): App\Controllers\Home->index()
#8 C:\wamp64\www\ScionsTest\system\CodeIgniter.php(432): CodeIgniter\CodeIgniter->runController(Object(App\Controllers\Home))
#9 C:\wamp64\www\ScionsTest\system\CodeIgniter.php(333): CodeIgniter\CodeIgniter->handleRequest(NULL, Object(Config\Cache), false)
#10 C:\wamp64\www\ScionsTest\index.php(44): CodeIgniter\CodeIgniter->run()
#11 {main}
ERROR - 2021-03-03 20:35:36 --> Error connecting to the database: MySQL server has gone away
CRITICAL - 2021-03-03 20:35:36 --> Unable to connect to the database.
#0 C:\wamp64\www\ScionsTest\system\Database\BaseConnection.php(618): CodeIgniter\Database\BaseConnection->initialize()
#1 C:\wamp64\www\ScionsTest\system\Database\BaseBuilder.php(1866): CodeIgniter\Database\BaseConnection->query('SELECT *\nFROM `...', Array, false)
#2 C:\wamp64\www\ScionsTest\system\Model.php(169): CodeIgniter\Database\BaseBuilder->get()
#3 C:\wamp64\www\ScionsTest\system\BaseModel.php(518): CodeIgniter\Model->doFind(true, '1')
#4 C:\wamp64\www\ScionsTest\app\Controllers\Home.php(12): CodeIgniter\BaseModel->find('1')
#5 C:\wamp64\www\ScionsTest\system\CodeIgniter.php(936): App\Controllers\Home->index()
#6 C:\wamp64\www\ScionsTest\system\CodeIgniter.php(432): CodeIgniter\CodeIgniter->runController(Object(App\Controllers\Home))
#7 C:\wamp64\www\ScionsTest\system\CodeIgniter.php(333): CodeIgniter\CodeIgniter->handleRequest(NULL, Object(Config\Cache), false)
#8 C:\wamp64\www\ScionsTest\index.php(44): CodeIgniter\CodeIgniter->run()
#9 {main}
ERROR - 2021-03-03 20:36:26 --> Error connecting to the database: MySQL server has gone away
CRITICAL - 2021-03-03 20:36:26 --> Unable to connect to the database.
#0 C:\wamp64\www\ScionsTest\system\Database\BaseConnection.php(618): CodeIgniter\Database\BaseConnection->initialize()
#1 C:\wamp64\www\ScionsTest\system\Database\BaseBuilder.php(1866): CodeIgniter\Database\BaseConnection->query('SELECT *\nFROM `...', Array, false)
#2 C:\wamp64\www\ScionsTest\system\Model.php(169): CodeIgniter\Database\BaseBuilder->get()
#3 C:\wamp64\www\ScionsTest\system\BaseModel.php(518): CodeIgniter\Model->doFind(true, '1')
#4 C:\wamp64\www\ScionsTest\app\Controllers\Home.php(12): CodeIgniter\BaseModel->find('1')
#5 C:\wamp64\www\ScionsTest\system\CodeIgniter.php(936): App\Controllers\Home->index()
#6 C:\wamp64\www\ScionsTest\system\CodeIgniter.php(432): CodeIgniter\CodeIgniter->runController(Object(App\Controllers\Home))
#7 C:\wamp64\www\ScionsTest\system\CodeIgniter.php(333): CodeIgniter\CodeIgniter->handleRequest(NULL, Object(Config\Cache), false)
#8 C:\wamp64\www\ScionsTest\index.php(44): CodeIgniter\CodeIgniter->run()
#9 {main}
ERROR - 2021-03-03 20:36:44 --> Error connecting to the database: MySQL server has gone away
CRITICAL - 2021-03-03 20:36:44 --> Unable to connect to the database.
#0 C:\wamp64\www\ScionsTest\system\Database\BaseConnection.php(618): CodeIgniter\Database\BaseConnection->initialize()
#1 C:\wamp64\www\ScionsTest\system\Database\BaseBuilder.php(1866): CodeIgniter\Database\BaseConnection->query('SELECT *\nFROM `...', Array, false)
#2 C:\wamp64\www\ScionsTest\system\Model.php(169): CodeIgniter\Database\BaseBuilder->get()
#3 C:\wamp64\www\ScionsTest\system\BaseModel.php(518): CodeIgniter\Model->doFind(true, '1')
#4 C:\wamp64\www\ScionsTest\app\Controllers\Home.php(12): CodeIgniter\BaseModel->find('1')
#5 C:\wamp64\www\ScionsTest\system\CodeIgniter.php(936): App\Controllers\Home->index()
#6 C:\wamp64\www\ScionsTest\system\CodeIgniter.php(432): CodeIgniter\CodeIgniter->runController(Object(App\Controllers\Home))
#7 C:\wamp64\www\ScionsTest\system\CodeIgniter.php(333): CodeIgniter\CodeIgniter->handleRequest(NULL, Object(Config\Cache), false)
#8 C:\wamp64\www\ScionsTest\index.php(44): CodeIgniter\CodeIgniter->run()
#9 {main}
ERROR - 2021-03-03 20:40:22 --> mysqli_sql_exception: Unknown column 'user.deleted_at' in 'where clause' in C:\wamp64\www\ScionsTest\system\Database\MySQLi\Connection.php:314
Stack trace:
#0 C:\wamp64\www\ScionsTest\system\Database\MySQLi\Connection.php(314): mysqli->query('SELECT *\nFROM `...')
#1 C:\wamp64\www\ScionsTest\system\Database\BaseConnection.php(713): CodeIgniter\Database\MySQLi\Connection->execute('SELECT *\nFROM `...')
#2 C:\wamp64\www\ScionsTest\system\Database\BaseConnection.php(641): CodeIgniter\Database\BaseConnection->simpleQuery('SELECT *\nFROM `...')
#3 C:\wamp64\www\ScionsTest\system\Database\BaseBuilder.php(1866): CodeIgniter\Database\BaseConnection->query('SELECT *\nFROM `...', Array, false)
#4 C:\wamp64\www\ScionsTest\system\Model.php(169): CodeIgniter\Database\BaseBuilder->get()
#5 C:\wamp64\www\ScionsTest\system\BaseModel.php(518): CodeIgniter\Model->doFind(true, '1')
#6 C:\wamp64\www\ScionsTest\app\Controllers\Home.php(12): CodeIgniter\BaseModel->find('1')
#7 C:\wamp64\www\ScionsTest\system\CodeIgniter.php(936): App\Controllers\Home->index()
#8 C:\wamp64\www\ScionsTest\system\CodeIgniter.php(432): CodeIgniter\CodeIgniter->runController(Object(App\Controllers\Home))
#9 C:\wamp64\www\ScionsTest\system\CodeIgniter.php(333): CodeIgniter\CodeIgniter->handleRequest(NULL, Object(Config\Cache), false)
#10 C:\wamp64\www\ScionsTest\index.php(44): CodeIgniter\CodeIgniter->run()
#11 {main}
CRITICAL - 2021-03-03 20:40:22 --> Unknown column 'user.deleted_at' in 'where clause'
#0 C:\wamp64\www\ScionsTest\system\Database\MySQLi\Connection.php(314): mysqli->query('SELECT *\nFROM `...')
#1 C:\wamp64\www\ScionsTest\system\Database\BaseConnection.php(713): CodeIgniter\Database\MySQLi\Connection->execute('SELECT *\nFROM `...')
#2 C:\wamp64\www\ScionsTest\system\Database\BaseConnection.php(641): CodeIgniter\Database\BaseConnection->simpleQuery('SELECT *\nFROM `...')
#3 C:\wamp64\www\ScionsTest\system\Database\BaseBuilder.php(1866): CodeIgniter\Database\BaseConnection->query('SELECT *\nFROM `...', Array, false)
#4 C:\wamp64\www\ScionsTest\system\Model.php(169): CodeIgniter\Database\BaseBuilder->get()
#5 C:\wamp64\www\ScionsTest\system\BaseModel.php(518): CodeIgniter\Model->doFind(true, '1')
#6 C:\wamp64\www\ScionsTest\app\Controllers\Home.php(12): CodeIgniter\BaseModel->find('1')
#7 C:\wamp64\www\ScionsTest\system\CodeIgniter.php(936): App\Controllers\Home->index()
#8 C:\wamp64\www\ScionsTest\system\CodeIgniter.php(432): CodeIgniter\CodeIgniter->runController(Object(App\Controllers\Home))
#9 C:\wamp64\www\ScionsTest\system\CodeIgniter.php(333): CodeIgniter\CodeIgniter->handleRequest(NULL, Object(Config\Cache), false)
#10 C:\wamp64\www\ScionsTest\index.php(44): CodeIgniter\CodeIgniter->run()
#11 {main}
ERROR - 2021-03-03 20:41:32 --> Error connecting to the database: MySQL server has gone away
CRITICAL - 2021-03-03 20:41:32 --> Unable to connect to the database.
#0 C:\wamp64\www\ScionsTest\system\Database\BaseConnection.php(618): CodeIgniter\Database\BaseConnection->initialize()
#1 C:\wamp64\www\ScionsTest\system\Database\BaseBuilder.php(1866): CodeIgniter\Database\BaseConnection->query('SELECT *\nFROM `...', Array, false)
#2 C:\wamp64\www\ScionsTest\system\Model.php(169): CodeIgniter\Database\BaseBuilder->get()
#3 C:\wamp64\www\ScionsTest\system\BaseModel.php(518): CodeIgniter\Model->doFind(true, '1')
#4 C:\wamp64\www\ScionsTest\app\Controllers\Home.php(12): CodeIgniter\BaseModel->find('1')
#5 C:\wamp64\www\ScionsTest\system\CodeIgniter.php(936): App\Controllers\Home->index()
#6 C:\wamp64\www\ScionsTest\system\CodeIgniter.php(432): CodeIgniter\CodeIgniter->runController(Object(App\Controllers\Home))
#7 C:\wamp64\www\ScionsTest\system\CodeIgniter.php(333): CodeIgniter\CodeIgniter->handleRequest(NULL, Object(Config\Cache), false)
#8 C:\wamp64\www\ScionsTest\index.php(44): CodeIgniter\CodeIgniter->run()
#9 {main}
ERROR - 2021-03-03 20:50:17 --> Error connecting to the database: MySQL server has gone away
CRITICAL - 2021-03-03 20:50:17 --> Unable to connect to the database.
#0 C:\wamp64\www\ScionsTest\system\Database\BaseConnection.php(618): CodeIgniter\Database\BaseConnection->initialize()
#1 C:\wamp64\www\ScionsTest\system\Database\BaseBuilder.php(1866): CodeIgniter\Database\BaseConnection->query('SELECT *\nFROM `...', Array, false)
#2 C:\wamp64\www\ScionsTest\system\Model.php(169): CodeIgniter\Database\BaseBuilder->get()
#3 C:\wamp64\www\ScionsTest\system\BaseModel.php(518): CodeIgniter\Model->doFind(true, '1')
#4 C:\wamp64\www\ScionsTest\app\Controllers\Home.php(12): CodeIgniter\BaseModel->find('1')
#5 C:\wamp64\www\ScionsTest\system\CodeIgniter.php(936): App\Controllers\Home->index()
#6 C:\wamp64\www\ScionsTest\system\CodeIgniter.php(432): CodeIgniter\CodeIgniter->runController(Object(App\Controllers\Home))
#7 C:\wamp64\www\ScionsTest\system\CodeIgniter.php(333): CodeIgniter\CodeIgniter->handleRequest(NULL, Object(Config\Cache), false)
#8 C:\wamp64\www\ScionsTest\index.php(44): CodeIgniter\CodeIgniter->run()
#9 {main}
ERROR - 2021-03-03 21:11:27 --> Error connecting to the database: MySQL server has gone away
CRITICAL - 2021-03-03 21:11:27 --> Unable to connect to the database.
#0 C:\wamp64\www\ScionsTest\system\Database\BaseConnection.php(618): CodeIgniter\Database\BaseConnection->initialize()
#1 C:\wamp64\www\ScionsTest\system\Database\BaseBuilder.php(1866): CodeIgniter\Database\BaseConnection->query('SELECT *\nFROM `...', Array, false)
#2 C:\wamp64\www\ScionsTest\system\Model.php(169): CodeIgniter\Database\BaseBuilder->get()
#3 C:\wamp64\www\ScionsTest\system\BaseModel.php(518): CodeIgniter\Model->doFind(true, '1')
#4 C:\wamp64\www\ScionsTest\app\Controllers\Home.php(12): CodeIgniter\BaseModel->find('1')
#5 C:\wamp64\www\ScionsTest\system\CodeIgniter.php(936): App\Controllers\Home->index()
#6 C:\wamp64\www\ScionsTest\system\CodeIgniter.php(432): CodeIgniter\CodeIgniter->runController(Object(App\Controllers\Home))
#7 C:\wamp64\www\ScionsTest\system\CodeIgniter.php(333): CodeIgniter\CodeIgniter->handleRequest(NULL, Object(Config\Cache), false)
#8 C:\wamp64\www\ScionsTest\index.php(44): CodeIgniter\CodeIgniter->run()
#9 {main}
ERROR - 2021-03-03 21:14:22 --> Error connecting to the database: MySQL server has gone away
CRITICAL - 2021-03-03 21:14:22 --> Unable to connect to the database.
#0 C:\wamp64\www\ScionsTest\system\Database\BaseConnection.php(618): CodeIgniter\Database\BaseConnection->initialize()
#1 C:\wamp64\www\ScionsTest\system\Database\BaseBuilder.php(1866): CodeIgniter\Database\BaseConnection->query('SELECT *\nFROM `...', Array, false)
#2 C:\wamp64\www\ScionsTest\system\Model.php(169): CodeIgniter\Database\BaseBuilder->get()
#3 C:\wamp64\www\ScionsTest\system\BaseModel.php(518): CodeIgniter\Model->doFind(true, '1')
#4 C:\wamp64\www\ScionsTest\app\Controllers\Home.php(12): CodeIgniter\BaseModel->find('1')
#5 C:\wamp64\www\ScionsTest\system\CodeIgniter.php(936): App\Controllers\Home->index()
#6 C:\wamp64\www\ScionsTest\system\CodeIgniter.php(432): CodeIgniter\CodeIgniter->runController(Object(App\Controllers\Home))
#7 C:\wamp64\www\ScionsTest\system\CodeIgniter.php(333): CodeIgniter\CodeIgniter->handleRequest(NULL, Object(Config\Cache), false)
#8 C:\wamp64\www\ScionsTest\index.php(44): CodeIgniter\CodeIgniter->run()
#9 {main}
ERROR - 2021-03-03 21:31:11 --> Error connecting to the database: No se puede establecer una conexión ya que el equipo de destino denegó expresamente dicha conexión.

CRITICAL - 2021-03-03 21:31:11 --> Unable to connect to the database.
#0 C:\wamp64\www\ScionsTest\system\Database\BaseConnection.php(618): CodeIgniter\Database\BaseConnection->initialize()
#1 C:\wamp64\www\ScionsTest\system\Database\BaseBuilder.php(1866): CodeIgniter\Database\BaseConnection->query('SELECT *\nFROM `...', Array, false)
#2 C:\wamp64\www\ScionsTest\system\Model.php(169): CodeIgniter\Database\BaseBuilder->get()
#3 C:\wamp64\www\ScionsTest\system\BaseModel.php(518): CodeIgniter\Model->doFind(true, '1')
#4 C:\wamp64\www\ScionsTest\app\Controllers\Home.php(12): CodeIgniter\BaseModel->find('1')
#5 C:\wamp64\www\ScionsTest\system\CodeIgniter.php(936): App\Controllers\Home->index()
#6 C:\wamp64\www\ScionsTest\system\CodeIgniter.php(432): CodeIgniter\CodeIgniter->runController(Object(App\Controllers\Home))
#7 C:\wamp64\www\ScionsTest\system\CodeIgniter.php(333): CodeIgniter\CodeIgniter->handleRequest(NULL, Object(Config\Cache), false)
#8 C:\wamp64\www\ScionsTest\index.php(44): CodeIgniter\CodeIgniter->run()
#9 {main}
ERROR - 2021-03-03 21:32:23 --> Error connecting to the database: MySQL server has gone away
CRITICAL - 2021-03-03 21:32:23 --> Unable to connect to the database.
#0 C:\wamp64\www\ScionsTest\system\Database\BaseConnection.php(618): CodeIgniter\Database\BaseConnection->initialize()
#1 C:\wamp64\www\ScionsTest\system\Database\BaseBuilder.php(1866): CodeIgniter\Database\BaseConnection->query('SELECT *\nFROM `...', Array, false)
#2 C:\wamp64\www\ScionsTest\system\Model.php(169): CodeIgniter\Database\BaseBuilder->get()
#3 C:\wamp64\www\ScionsTest\system\BaseModel.php(518): CodeIgniter\Model->doFind(true, '1')
#4 C:\wamp64\www\ScionsTest\app\Controllers\Home.php(12): CodeIgniter\BaseModel->find('1')
#5 C:\wamp64\www\ScionsTest\system\CodeIgniter.php(936): App\Controllers\Home->index()
#6 C:\wamp64\www\ScionsTest\system\CodeIgniter.php(432): CodeIgniter\CodeIgniter->runController(Object(App\Controllers\Home))
#7 C:\wamp64\www\ScionsTest\system\CodeIgniter.php(333): CodeIgniter\CodeIgniter->handleRequest(NULL, Object(Config\Cache), false)
#8 C:\wamp64\www\ScionsTest\index.php(44): CodeIgniter\CodeIgniter->run()
#9 {main}
ERROR - 2021-03-03 21:36:39 --> mysqli_sql_exception: Unknown column 'user.deleted_at' in 'where clause' in C:\wamp64\www\ScionsTest\system\Database\MySQLi\Connection.php:314
Stack trace:
#0 C:\wamp64\www\ScionsTest\system\Database\MySQLi\Connection.php(314): mysqli->query('SELECT *\nFROM `...')
#1 C:\wamp64\www\ScionsTest\system\Database\BaseConnection.php(713): CodeIgniter\Database\MySQLi\Connection->execute('SELECT *\nFROM `...')
#2 C:\wamp64\www\ScionsTest\system\Database\BaseConnection.php(641): CodeIgniter\Database\BaseConnection->simpleQuery('SELECT *\nFROM `...')
#3 C:\wamp64\www\ScionsTest\system\Database\BaseBuilder.php(1866): CodeIgniter\Database\BaseConnection->query('SELECT *\nFROM `...', Array, false)
#4 C:\wamp64\www\ScionsTest\system\Model.php(169): CodeIgniter\Database\BaseBuilder->get()
#5 C:\wamp64\www\ScionsTest\system\BaseModel.php(518): CodeIgniter\Model->doFind(true, '1')
#6 C:\wamp64\www\ScionsTest\app\Controllers\Home.php(12): CodeIgniter\BaseModel->find('1')
#7 C:\wamp64\www\ScionsTest\system\CodeIgniter.php(936): App\Controllers\Home->index()
#8 C:\wamp64\www\ScionsTest\system\CodeIgniter.php(432): CodeIgniter\CodeIgniter->runController(Object(App\Controllers\Home))
#9 C:\wamp64\www\ScionsTest\system\CodeIgniter.php(333): CodeIgniter\CodeIgniter->handleRequest(NULL, Object(Config\Cache), false)
#10 C:\wamp64\www\ScionsTest\index.php(44): CodeIgniter\CodeIgniter->run()
#11 {main}
CRITICAL - 2021-03-03 21:36:39 --> Unknown column 'user.deleted_at' in 'where clause'
#0 C:\wamp64\www\ScionsTest\system\Database\MySQLi\Connection.php(314): mysqli->query('SELECT *\nFROM `...')
#1 C:\wamp64\www\ScionsTest\system\Database\BaseConnection.php(713): CodeIgniter\Database\MySQLi\Connection->execute('SELECT *\nFROM `...')
#2 C:\wamp64\www\ScionsTest\system\Database\BaseConnection.php(641): CodeIgniter\Database\BaseConnection->simpleQuery('SELECT *\nFROM `...')
#3 C:\wamp64\www\ScionsTest\system\Database\BaseBuilder.php(1866): CodeIgniter\Database\BaseConnection->query('SELECT *\nFROM `...', Array, false)
#4 C:\wamp64\www\ScionsTest\system\Model.php(169): CodeIgniter\Database\BaseBuilder->get()
#5 C:\wamp64\www\ScionsTest\system\BaseModel.php(518): CodeIgniter\Model->doFind(true, '1')
#6 C:\wamp64\www\ScionsTest\app\Controllers\Home.php(12): CodeIgniter\BaseModel->find('1')
#7 C:\wamp64\www\ScionsTest\system\CodeIgniter.php(936): App\Controllers\Home->index()
#8 C:\wamp64\www\ScionsTest\system\CodeIgniter.php(432): CodeIgniter\CodeIgniter->runController(Object(App\Controllers\Home))
#9 C:\wamp64\www\ScionsTest\system\CodeIgniter.php(333): CodeIgniter\CodeIgniter->handleRequest(NULL, Object(Config\Cache), false)
#10 C:\wamp64\www\ScionsTest\index.php(44): CodeIgniter\CodeIgniter->run()
#11 {main}
ERROR - 2021-03-03 21:37:50 --> mysqli_sql_exception: Unknown column 'user.deleted_at' in 'where clause' in C:\wamp64\www\ScionsTest\system\Database\MySQLi\Connection.php:314
Stack trace:
#0 C:\wamp64\www\ScionsTest\system\Database\MySQLi\Connection.php(314): mysqli->query('SELECT *\nFROM `...')
#1 C:\wamp64\www\ScionsTest\system\Database\BaseConnection.php(713): CodeIgniter\Database\MySQLi\Connection->execute('SELECT *\nFROM `...')
#2 C:\wamp64\www\ScionsTest\system\Database\BaseConnection.php(641): CodeIgniter\Database\BaseConnection->simpleQuery('SELECT *\nFROM `...')
#3 C:\wamp64\www\ScionsTest\system\Database\BaseBuilder.php(1866): CodeIgniter\Database\BaseConnection->query('SELECT *\nFROM `...', Array, false)
#4 C:\wamp64\www\ScionsTest\system\Model.php(169): CodeIgniter\Database\BaseBuilder->get()
#5 C:\wamp64\www\ScionsTest\system\BaseModel.php(518): CodeIgniter\Model->doFind(true, '1')
#6 C:\wamp64\www\ScionsTest\app\Controllers\Home.php(12): CodeIgniter\BaseModel->find('1')
#7 C:\wamp64\www\ScionsTest\system\CodeIgniter.php(936): App\Controllers\Home->index()
#8 C:\wamp64\www\ScionsTest\system\CodeIgniter.php(432): CodeIgniter\CodeIgniter->runController(Object(App\Controllers\Home))
#9 C:\wamp64\www\ScionsTest\system\CodeIgniter.php(333): CodeIgniter\CodeIgniter->handleRequest(NULL, Object(Config\Cache), false)
#10 C:\wamp64\www\ScionsTest\index.php(44): CodeIgniter\CodeIgniter->run()
#11 {main}
CRITICAL - 2021-03-03 21:37:50 --> Unknown column 'user.deleted_at' in 'where clause'
#0 C:\wamp64\www\ScionsTest\system\Database\MySQLi\Connection.php(314): mysqli->query('SELECT *\nFROM `...')
#1 C:\wamp64\www\ScionsTest\system\Database\BaseConnection.php(713): CodeIgniter\Database\MySQLi\Connection->execute('SELECT *\nFROM `...')
#2 C:\wamp64\www\ScionsTest\system\Database\BaseConnection.php(641): CodeIgniter\Database\BaseConnection->simpleQuery('SELECT *\nFROM `...')
#3 C:\wamp64\www\ScionsTest\system\Database\BaseBuilder.php(1866): CodeIgniter\Database\BaseConnection->query('SELECT *\nFROM `...', Array, false)
#4 C:\wamp64\www\ScionsTest\system\Model.php(169): CodeIgniter\Database\BaseBuilder->get()
#5 C:\wamp64\www\ScionsTest\system\BaseModel.php(518): CodeIgniter\Model->doFind(true, '1')
#6 C:\wamp64\www\ScionsTest\app\Controllers\Home.php(12): CodeIgniter\BaseModel->find('1')
#7 C:\wamp64\www\ScionsTest\system\CodeIgniter.php(936): App\Controllers\Home->index()
#8 C:\wamp64\www\ScionsTest\system\CodeIgniter.php(432): CodeIgniter\CodeIgniter->runController(Object(App\Controllers\Home))
#9 C:\wamp64\www\ScionsTest\system\CodeIgniter.php(333): CodeIgniter\CodeIgniter->handleRequest(NULL, Object(Config\Cache), false)
#10 C:\wamp64\www\ScionsTest\index.php(44): CodeIgniter\CodeIgniter->run()
#11 {main}
ERROR - 2021-03-03 21:37:53 --> mysqli_sql_exception: Unknown column 'user.deleted_at' in 'where clause' in C:\wamp64\www\ScionsTest\system\Database\MySQLi\Connection.php:314
Stack trace:
#0 C:\wamp64\www\ScionsTest\system\Database\MySQLi\Connection.php(314): mysqli->query('SELECT *\nFROM `...')
#1 C:\wamp64\www\ScionsTest\system\Database\BaseConnection.php(713): CodeIgniter\Database\MySQLi\Connection->execute('SELECT *\nFROM `...')
#2 C:\wamp64\www\ScionsTest\system\Database\BaseConnection.php(641): CodeIgniter\Database\BaseConnection->simpleQuery('SELECT *\nFROM `...')
#3 C:\wamp64\www\ScionsTest\system\Database\BaseBuilder.php(1866): CodeIgniter\Database\BaseConnection->query('SELECT *\nFROM `...', Array, false)
#4 C:\wamp64\www\ScionsTest\system\Model.php(169): CodeIgniter\Database\BaseBuilder->get()
#5 C:\wamp64\www\ScionsTest\system\BaseModel.php(518): CodeIgniter\Model->doFind(true, '1')
#6 C:\wamp64\www\ScionsTest\app\Controllers\Home.php(12): CodeIgniter\BaseModel->find('1')
#7 C:\wamp64\www\ScionsTest\system\CodeIgniter.php(936): App\Controllers\Home->index()
#8 C:\wamp64\www\ScionsTest\system\CodeIgniter.php(432): CodeIgniter\CodeIgniter->runController(Object(App\Controllers\Home))
#9 C:\wamp64\www\ScionsTest\system\CodeIgniter.php(333): CodeIgniter\CodeIgniter->handleRequest(NULL, Object(Config\Cache), false)
#10 C:\wamp64\www\ScionsTest\index.php(44): CodeIgniter\CodeIgniter->run()
#11 {main}
CRITICAL - 2021-03-03 21:37:53 --> Unknown column 'user.deleted_at' in 'where clause'
#0 C:\wamp64\www\ScionsTest\system\Database\MySQLi\Connection.php(314): mysqli->query('SELECT *\nFROM `...')
#1 C:\wamp64\www\ScionsTest\system\Database\BaseConnection.php(713): CodeIgniter\Database\MySQLi\Connection->execute('SELECT *\nFROM `...')
#2 C:\wamp64\www\ScionsTest\system\Database\BaseConnection.php(641): CodeIgniter\Database\BaseConnection->simpleQuery('SELECT *\nFROM `...')
#3 C:\wamp64\www\ScionsTest\system\Database\BaseBuilder.php(1866): CodeIgniter\Database\BaseConnection->query('SELECT *\nFROM `...', Array, false)
#4 C:\wamp64\www\ScionsTest\system\Model.php(169): CodeIgniter\Database\BaseBuilder->get()
#5 C:\wamp64\www\ScionsTest\system\BaseModel.php(518): CodeIgniter\Model->doFind(true, '1')
#6 C:\wamp64\www\ScionsTest\app\Controllers\Home.php(12): CodeIgniter\BaseModel->find('1')
#7 C:\wamp64\www\ScionsTest\system\CodeIgniter.php(936): App\Controllers\Home->index()
#8 C:\wamp64\www\ScionsTest\system\CodeIgniter.php(432): CodeIgniter\CodeIgniter->runController(Object(App\Controllers\Home))
#9 C:\wamp64\www\ScionsTest\system\CodeIgniter.php(333): CodeIgniter\CodeIgniter->handleRequest(NULL, Object(Config\Cache), false)
#10 C:\wamp64\www\ScionsTest\index.php(44): CodeIgniter\CodeIgniter->run()
#11 {main}
ERROR - 2021-03-03 21:37:55 --> mysqli_sql_exception: Unknown column 'user.deleted_at' in 'where clause' in C:\wamp64\www\ScionsTest\system\Database\MySQLi\Connection.php:314
Stack trace:
#0 C:\wamp64\www\ScionsTest\system\Database\MySQLi\Connection.php(314): mysqli->query('SELECT *\nFROM `...')
#1 C:\wamp64\www\ScionsTest\system\Database\BaseConnection.php(713): CodeIgniter\Database\MySQLi\Connection->execute('SELECT *\nFROM `...')
#2 C:\wamp64\www\ScionsTest\system\Database\BaseConnection.php(641): CodeIgniter\Database\BaseConnection->simpleQuery('SELECT *\nFROM `...')
#3 C:\wamp64\www\ScionsTest\system\Database\BaseBuilder.php(1866): CodeIgniter\Database\BaseConnection->query('SELECT *\nFROM `...', Array, false)
#4 C:\wamp64\www\ScionsTest\system\Model.php(169): CodeIgniter\Database\BaseBuilder->get()
#5 C:\wamp64\www\ScionsTest\system\BaseModel.php(518): CodeIgniter\Model->doFind(true, '1')
#6 C:\wamp64\www\ScionsTest\app\Controllers\Home.php(12): CodeIgniter\BaseModel->find('1')
#7 C:\wamp64\www\ScionsTest\system\CodeIgniter.php(936): App\Controllers\Home->index()
#8 C:\wamp64\www\ScionsTest\system\CodeIgniter.php(432): CodeIgniter\CodeIgniter->runController(Object(App\Controllers\Home))
#9 C:\wamp64\www\ScionsTest\system\CodeIgniter.php(333): CodeIgniter\CodeIgniter->handleRequest(NULL, Object(Config\Cache), false)
#10 C:\wamp64\www\ScionsTest\index.php(44): CodeIgniter\CodeIgniter->run()
#11 {main}
CRITICAL - 2021-03-03 21:37:55 --> Unknown column 'user.deleted_at' in 'where clause'
#0 C:\wamp64\www\ScionsTest\system\Database\MySQLi\Connection.php(314): mysqli->query('SELECT *\nFROM `...')
#1 C:\wamp64\www\ScionsTest\system\Database\BaseConnection.php(713): CodeIgniter\Database\MySQLi\Connection->execute('SELECT *\nFROM `...')
#2 C:\wamp64\www\ScionsTest\system\Database\BaseConnection.php(641): CodeIgniter\Database\BaseConnection->simpleQuery('SELECT *\nFROM `...')
#3 C:\wamp64\www\ScionsTest\system\Database\BaseBuilder.php(1866): CodeIgniter\Database\BaseConnection->query('SELECT *\nFROM `...', Array, false)
#4 C:\wamp64\www\ScionsTest\system\Model.php(169): CodeIgniter\Database\BaseBuilder->get()
#5 C:\wamp64\www\ScionsTest\system\BaseModel.php(518): CodeIgniter\Model->doFind(true, '1')
#6 C:\wamp64\www\ScionsTest\app\Controllers\Home.php(12): CodeIgniter\BaseModel->find('1')
#7 C:\wamp64\www\ScionsTest\system\CodeIgniter.php(936): App\Controllers\Home->index()
#8 C:\wamp64\www\ScionsTest\system\CodeIgniter.php(432): CodeIgniter\CodeIgniter->runController(Object(App\Controllers\Home))
#9 C:\wamp64\www\ScionsTest\system\CodeIgniter.php(333): CodeIgniter\CodeIgniter->handleRequest(NULL, Object(Config\Cache), false)
#10 C:\wamp64\www\ScionsTest\index.php(44): CodeIgniter\CodeIgniter->run()
#11 {main}
ERROR - 2021-03-03 21:38:44 --> mysqli_sql_exception: Unknown column 'user.deleted_at' in 'where clause' in C:\wamp64\www\ScionsTest\system\Database\MySQLi\Connection.php:314
Stack trace:
#0 C:\wamp64\www\ScionsTest\system\Database\MySQLi\Connection.php(314): mysqli->query('SELECT *\nFROM `...')
#1 C:\wamp64\www\ScionsTest\system\Database\BaseConnection.php(713): CodeIgniter\Database\MySQLi\Connection->execute('SELECT *\nFROM `...')
#2 C:\wamp64\www\ScionsTest\system\Database\BaseConnection.php(641): CodeIgniter\Database\BaseConnection->simpleQuery('SELECT *\nFROM `...')
#3 C:\wamp64\www\ScionsTest\system\Database\BaseBuilder.php(1866): CodeIgniter\Database\BaseConnection->query('SELECT *\nFROM `...', Array, false)
#4 C:\wamp64\www\ScionsTest\system\Model.php(169): CodeIgniter\Database\BaseBuilder->get()
#5 C:\wamp64\www\ScionsTest\system\BaseModel.php(518): CodeIgniter\Model->doFind(true, '1')
#6 C:\wamp64\www\ScionsTest\app\Controllers\Home.php(12): CodeIgniter\BaseModel->find('1')
#7 C:\wamp64\www\ScionsTest\system\CodeIgniter.php(936): App\Controllers\Home->index()
#8 C:\wamp64\www\ScionsTest\system\CodeIgniter.php(432): CodeIgniter\CodeIgniter->runController(Object(App\Controllers\Home))
#9 C:\wamp64\www\ScionsTest\system\CodeIgniter.php(333): CodeIgniter\CodeIgniter->handleRequest(NULL, Object(Config\Cache), false)
#10 C:\wamp64\www\ScionsTest\index.php(44): CodeIgniter\CodeIgniter->run()
#11 {main}
CRITICAL - 2021-03-03 21:38:44 --> Unknown column 'user.deleted_at' in 'where clause'
#0 C:\wamp64\www\ScionsTest\system\Database\MySQLi\Connection.php(314): mysqli->query('SELECT *\nFROM `...')
#1 C:\wamp64\www\ScionsTest\system\Database\BaseConnection.php(713): CodeIgniter\Database\MySQLi\Connection->execute('SELECT *\nFROM `...')
#2 C:\wamp64\www\ScionsTest\system\Database\BaseConnection.php(641): CodeIgniter\Database\BaseConnection->simpleQuery('SELECT *\nFROM `...')
#3 C:\wamp64\www\ScionsTest\system\Database\BaseBuilder.php(1866): CodeIgniter\Database\BaseConnection->query('SELECT *\nFROM `...', Array, false)
#4 C:\wamp64\www\ScionsTest\system\Model.php(169): CodeIgniter\Database\BaseBuilder->get()
#5 C:\wamp64\www\ScionsTest\system\BaseModel.php(518): CodeIgniter\Model->doFind(true, '1')
#6 C:\wamp64\www\ScionsTest\app\Controllers\Home.php(12): CodeIgniter\BaseModel->find('1')
#7 C:\wamp64\www\ScionsTest\system\CodeIgniter.php(936): App\Controllers\Home->index()
#8 C:\wamp64\www\ScionsTest\system\CodeIgniter.php(432): CodeIgniter\CodeIgniter->runController(Object(App\Controllers\Home))
#9 C:\wamp64\www\ScionsTest\system\CodeIgniter.php(333): CodeIgniter\CodeIgniter->handleRequest(NULL, Object(Config\Cache), false)
#10 C:\wamp64\www\ScionsTest\index.php(44): CodeIgniter\CodeIgniter->run()
#11 {main}
ERROR - 2021-03-03 21:39:50 --> mysqli_sql_exception: Unknown column 'user.deleted_at' in 'where clause' in C:\wamp64\www\ScionsTest\system\Database\MySQLi\Connection.php:314
Stack trace:
#0 C:\wamp64\www\ScionsTest\system\Database\MySQLi\Connection.php(314): mysqli->query('SELECT *\nFROM `...')
#1 C:\wamp64\www\ScionsTest\system\Database\BaseConnection.php(713): CodeIgniter\Database\MySQLi\Connection->execute('SELECT *\nFROM `...')
#2 C:\wamp64\www\ScionsTest\system\Database\BaseConnection.php(641): CodeIgniter\Database\BaseConnection->simpleQuery('SELECT *\nFROM `...')
#3 C:\wamp64\www\ScionsTest\system\Database\BaseBuilder.php(1866): CodeIgniter\Database\BaseConnection->query('SELECT *\nFROM `...', Array, false)
#4 C:\wamp64\www\ScionsTest\system\Model.php(169): CodeIgniter\Database\BaseBuilder->get()
#5 C:\wamp64\www\ScionsTest\system\BaseModel.php(518): CodeIgniter\Model->doFind(true, '1')
#6 C:\wamp64\www\ScionsTest\app\Controllers\Home.php(12): CodeIgniter\BaseModel->find('1')
#7 C:\wamp64\www\ScionsTest\system\CodeIgniter.php(936): App\Controllers\Home->index()
#8 C:\wamp64\www\ScionsTest\system\CodeIgniter.php(432): CodeIgniter\CodeIgniter->runController(Object(App\Controllers\Home))
#9 C:\wamp64\www\ScionsTest\system\CodeIgniter.php(333): CodeIgniter\CodeIgniter->handleRequest(NULL, Object(Config\Cache), false)
#10 C:\wamp64\www\ScionsTest\index.php(44): CodeIgniter\CodeIgniter->run()
#11 {main}
CRITICAL - 2021-03-03 21:39:50 --> Unknown column 'user.deleted_at' in 'where clause'
#0 C:\wamp64\www\ScionsTest\system\Database\MySQLi\Connection.php(314): mysqli->query('SELECT *\nFROM `...')
#1 C:\wamp64\www\ScionsTest\system\Database\BaseConnection.php(713): CodeIgniter\Database\MySQLi\Connection->execute('SELECT *\nFROM `...')
#2 C:\wamp64\www\ScionsTest\system\Database\BaseConnection.php(641): CodeIgniter\Database\BaseConnection->simpleQuery('SELECT *\nFROM `...')
#3 C:\wamp64\www\ScionsTest\system\Database\BaseBuilder.php(1866): CodeIgniter\Database\BaseConnection->query('SELECT *\nFROM `...', Array, false)
#4 C:\wamp64\www\ScionsTest\system\Model.php(169): CodeIgniter\Database\BaseBuilder->get()
#5 C:\wamp64\www\ScionsTest\system\BaseModel.php(518): CodeIgniter\Model->doFind(true, '1')
#6 C:\wamp64\www\ScionsTest\app\Controllers\Home.php(12): CodeIgniter\BaseModel->find('1')
#7 C:\wamp64\www\ScionsTest\system\CodeIgniter.php(936): App\Controllers\Home->index()
#8 C:\wamp64\www\ScionsTest\system\CodeIgniter.php(432): CodeIgniter\CodeIgniter->runController(Object(App\Controllers\Home))
#9 C:\wamp64\www\ScionsTest\system\CodeIgniter.php(333): CodeIgniter\CodeIgniter->handleRequest(NULL, Object(Config\Cache), false)
#10 C:\wamp64\www\ScionsTest\index.php(44): CodeIgniter\CodeIgniter->run()
#11 {main}
